#
# A fatal error has been detected by the Java Runtime Environment:
#
#  SIGSEGV (0xb) at pc=0x00007fdeb1f16f8e, pid=2079686, tid=2079779
#
# JRE version: OpenJDK Runtime Environment AdoptOpenJDK-dcevm-11.0.11+1-202105021744 (11.0.11+1) (build 11.0.11+1-202105021744)
# Java VM: Dynamic Code Evolution 64-Bit Server VM AdoptOpenJDK-dcevm-11.0.11+1-202105021744 (11.0.11+1-202105021744, mixed mode, tiered, compressed oops, g1 gc, linux-amd64)
# Problematic frame:
# C  [librenderdoc.so+0x116f8e]
#
# Core dump will be written. Default location: Core dumps may be processed with "/usr/share/apport/apport -p%p -s%s -c%c -d%d -P%P -u%u -g%g -- %E" (or dumping to /PROJ/DEV/webmonkeyengine/core.2079686)
#
# If you would like to submit a bug report, please visit:
#   https://github.com/AdoptOpenJDK/openjdk-support/issues
# The crash happened outside the Java Virtual Machine in native code.
# See problematic frame for where to report the bug.
#

---------------  S U M M A R Y ------------

Command Line: -agentlib:jdwp=transport=dt_socket,server=n,suspend=y,address=localhost:40559 jme3test.TestDemo1

Host: AMD Ryzen 5 3600 6-Core Processor, 12 cores, 15G, Ubuntu 22.04.3 LTS
Time: Tue Aug 22 10:13:12 2023 CEST elapsed time: 10.345102 seconds (0d 0h 0m 10s)

---------------  T H R E A D  ---------------

Current thread (0x00007fdea4854000):  JavaThread "jME3 Main" [_thread_in_native, id=2079779, stack(0x00007fde0ebf2000,0x00007fde0ecf2000)]

Stack: [0x00007fde0ebf2000,0x00007fde0ecf2000],  sp=0x00007fde0ecefad0,  free space=1014k
Native frames: (J=compiled Java code, A=aot compiled Java code, j=interpreted, Vv=VM code, C=native code)
C  [librenderdoc.so+0x116f8e]

Java frames: (J=compiled Java code, j=interpreted, Vv=VM code)
J 3585  org.lwjgl.opengl.GL11C.glBindTexture(II)V (0 bytes) @ 0x00007fde944f8614 [0x00007fde944f85c0+0x0000000000000054]
J 3502 c1 com.jme3.renderer.lwjgl.LwjglGL.glBindTexture(II)V (6 bytes) @ 0x00007fde8d4bfd1c [0x00007fde8d4bfc60+0x00000000000000bc]
J 3518 c1 jdk.internal.reflect.GeneratedMethodAccessor18.invoke(Ljava/lang/Object;[Ljava/lang/Object;)Ljava/lang/Object; (224 bytes) @ 0x00007fde8d4c945c [0x00007fde8d4c7e00+0x000000000000165c]
J 3722 c2 com.jme3.renderer.opengl.GLDebug.invoke(Ljava/lang/Object;Ljava/lang/reflect/Method;[Ljava/lang/Object;)Ljava/lang/Object; (32 bytes) @ 0x00007fde9451c4bc [0x00007fde9451c380+0x000000000000013c]
J 3820 c2 com.jme3.renderer.opengl.GLRenderer.setupTextureParams(ILcom/jme3/texture/Texture;)V (694 bytes) @ 0x00007fde945818b4 [0x00007fde945810a0+0x0000000000000814]
J 3801 c2 com.jme3.renderer.opengl.GLRenderer.setTexture(ILcom/jme3/texture/Texture;)V (274 bytes) @ 0x00007fde94567d14 [0x00007fde94567c80+0x0000000000000094]
J 3817 c2 com.jme3.material.logic.SinglePassAndImageBasedLightingLogic.updateLightListUniforms(Lcom/jme3/shader/Shader;Lcom/jme3/scene/Geometry;Lcom/jme3/light/LightList;ILcom/jme3/renderer/RenderManager;II)I (842 bytes) @ 0x00007fde945789b0 [0x00007fde945783c0+0x00000000000005f0]
J 3789 c2 com.jme3.renderer.RenderManager.renderGeometry(Lcom/jme3/scene/Geometry;)V (332 bytes) @ 0x00007fde94550454 [0x00007fde9454e620+0x0000000000001e34]
J 3607 c1 com.jme3.renderer.queue.RenderQueue.renderGeometryList(Lcom/jme3/renderer/queue/GeometryList;Lcom/jme3/renderer/RenderManager;Lcom/jme3/renderer/Camera;Z)V (77 bytes) @ 0x00007fde8d4f36cc [0x00007fde8d4f3440+0x000000000000028c]
J 3627 c1 com.jme3.renderer.queue.RenderQueue.renderQueue(Lcom/jme3/renderer/queue/RenderQueue$Bucket;Lcom/jme3/renderer/RenderManager;Lcom/jme3/renderer/Camera;Z)V (144 bytes) @ 0x00007fde8d4fa99c [0x00007fde8d4f9ea0+0x0000000000000afc]
J 3760 c1 com.jme3.renderer.RenderManager.renderViewPortQueues(Lcom/jme3/renderer/ViewPort;Z)V (354 bytes) @ 0x00007fde8d54603c [0x00007fde8d545de0+0x000000000000025c]
J 3669 c1 com.jme3.renderer.RenderManager.renderViewPort(Lcom/jme3/renderer/ViewPort;F)V (617 bytes) @ 0x00007fde8d514fbc [0x00007fde8d512f40+0x000000000000207c]
j  com.jme3.renderer.RenderManager.render(FZ)V+141
j  com.jme3.app.SimpleApplication.update()V+197
J 3833 c1 com.jme3.system.lwjgl.LwjglWindow.runLoop()V (167 bytes) @ 0x00007fde8d558b9c [0x00007fde8d5585a0+0x00000000000005fc]
j  com.jme3.system.lwjgl.LwjglWindow.run()V+54
j  java.lang.Thread.run()V+11 java.base@11.0.11
v  ~StubRoutines::call_stub

siginfo: si_signo: 11 (SIGSEGV), si_code: 1 (SEGV_MAPERR), si_addr: 0x0000000000000398

Register to memory mapping:

RAX=0x00007fdddc665670 points into unknown readable memory: 0x00007fdddd627580 | 80 75 62 dd dd 7f 00 00
RBX=0x00007fdddc5f36c0 points into unknown readable memory: 0x0000000000000030 | 30 00 00 00 00 00 00 00
RCX=0x00007fdddc665670 points into unknown readable memory: 0x00007fdddd627580 | 80 75 62 dd dd 7f 00 00
RDX=0x0000000400000002 is an unknown value
RSP=0x00007fde0ecefad0 is pointing into the stack for thread: 0x00007fdea4854000
RBP=0x0000000400000002 is an unknown value
RSI=0x00007fdddc5f36c0 points into unknown readable memory: 0x0000000000000030 | 30 00 00 00 00 00 00 00
RDI=0x0 is NULL
R8 =0x00007fdddc665620 points into unknown readable memory: 0x00007fdddc60c410 | 10 c4 60 dc dd 7f 00 00
R9 =0x00007fdddc455e90 points into unknown readable memory: 0x00007fdddd5d3450 | 50 34 5d dd dd 7f 00 00
R10=0x00007fdddc45b8e0 points into unknown readable memory: 0x0000000000005a60 | 60 5a 00 00 00 00 00 00
R11=0x00007fdddc000090 points into unknown readable memory: 0x00007fdddd9573c0 | c0 73 95 dd dd 7f 00 00
R12=0x00007fdddc455eb8 points into unknown readable memory: 0x0000000000000000 | 00 00 00 00 00 00 00 00
R13=0x0000000000008513 is an unknown value
R14=0x0000000400000002 is an unknown value
R15=0x0 is NULL


Registers:
RAX=0x00007fdddc665670, RBX=0x00007fdddc5f36c0, RCX=0x00007fdddc665670, RDX=0x0000000400000002
RSP=0x00007fde0ecefad0, RBP=0x0000000400000002, RSI=0x00007fdddc5f36c0, RDI=0x0000000000000000
R8 =0x00007fdddc665620, R9 =0x00007fdddc455e90, R10=0x00007fdddc45b8e0, R11=0x00007fdddc000090
R12=0x00007fdddc455eb8, R13=0x0000000000008513, R14=0x0000000400000002, R15=0x0000000000000000
RIP=0x00007fdeb1f16f8e, EFLAGS=0x0000000000010202, CSGSFS=0x002b000000000033, ERR=0x0000000000000004
  TRAPNO=0x000000000000000e

Top of Stack: (sp=0x00007fde0ecefad0)
0x00007fde0ecefad0:   00007fde0ecefcb0 00007fdddc5f36c0
0x00007fde0ecefae0:   0000000400000002 00007fdeb31fcc28
0x00007fde0ecefaf0:   00007fdddc455eb8 0000000000000000
0x00007fde0ecefb00:   00007fdeb31fcb10 00007fdeb20996fe 

Instructions: (pc=0x00007fdeb1f16f8e)
0x00007fdeb1f16e8e:   d9 48 c1 e1 04 4c 39 0c 08 74 21 4c 89 4c 24 08
0x00007fdeb1f16e9e:   48 c7 44 24 10 00 00 00 00 48 8d 54 24 08 4c 89
0x00007fdeb1f16eae:   ff 48 89 de e8 19 3a 00 00 49 8b 07 48 c1 e3 04
0x00007fdeb1f16ebe:   48 8d 44 18 08 48 83 c4 18 5b 41 5c 41 5e 41 5f
0x00007fdeb1f16ece:   c3 90 48 8b 0d 19 9e 29 01 e9 94 2c 00 00 90 90
0x00007fdeb1f16ede:   90 90 41 57 41 56 53 48 83 ec 10 49 89 f7 48 89
0x00007fdeb1f16eee:   fb 4c 89 7c 24 08 80 7b 38 00 74 06 4c 8d 73 08
0x00007fdeb1f16efe:   eb 03 45 31 f6 4d 85 f6 74 08 4c 89 f7 e8 30 e6
0x00007fdeb1f16f0e:   cd 00 4d 85 ff 74 14 48 81 c3 a8 00 00 00 48 8d
0x00007fdeb1f16f1e:   74 24 08 48 89 df e8 87 37 00 00 4d 85 f6 74 08
0x00007fdeb1f16f2e:   4c 89 f7 e8 2a e6 cd 00 48 83 c4 10 5b 41 5e 41
0x00007fdeb1f16f3e:   5f c3 48 89 c3 4d 85 f6 74 08 4c 89 f7 e8 10 e6
0x00007fdeb1f16f4e:   cd 00 48 89 df e8 68 3f f4 ff 48 89 c7 e8 10 05
0x00007fdeb1f16f5e:   f6 ff 48 89 c7 e8 08 05 f6 ff 90 90 90 90 90 90
0x00007fdeb1f16f6e:   90 90 41 57 41 56 41 54 53 48 83 ec 18 49 89 d6
0x00007fdeb1f16f7e:   48 89 f3 49 89 ff 48 89 5c 24 08 4c 89 74 24 10
0x00007fdeb1f16f8e:   41 80 bf 98 03 00 00 00 74 21 4d 8d a7 80 03 00
0x00007fdeb1f16f9e:   00 48 8d 74 24 08 4c 89 e7 e8 74 58 f7 ff 49 8b
0x00007fdeb1f16fae:   0c 24 31 d2 48 85 c9 75 65 eb 71 49 8b 8f 80 03
0x00007fdeb1f16fbe:   00 00 4c 89 f2 48 c1 ea 20 48 89 c8 eb 08 0f 1f
0x00007fdeb1f16fce:   40 00 48 83 c0 20 48 85 c9 be 00 00 00 00 74 0e
0x00007fdeb1f16fde:   49 8b b7 90 03 00 00 48 c1 e6 05 48 01 ce 48 39
0x00007fdeb1f16fee:   f0 74 18 48 39 18 75 da 48 8b 70 08 44 39 f6 75
0x00007fdeb1f16ffe:   d1 48 c1 ee 20 39 d6 75 c9 eb a7 48 85 c9 74 31
0x00007fdeb1f1700e:   49 8b 87 90 03 00 00 48 c1 e0 05 48 01 c8 49 8b
0x00007fdeb1f1701e:   97 90 03 00 00 48 c1 e2 05 48 01 ca 48 39 d0 74
0x00007fdeb1f1702e:   10 48 8b 40 18 48 83 c4 18 5b 41 5c 41 5e 41 5f
0x00007fdeb1f1703e:   c3 49 8b 07 4c 89 ff 48 89 de 4c 89 f2 ff 50 38
0x00007fdeb1f1704e:   4c 89 ff 48 89 c6 48 83 c4 18 5b 41 5c 41 5e 41
0x00007fdeb1f1705e:   5f e9 2c 81 fe ff 90 90 90 90 90 90 90 90 90 90
0x00007fdeb1f1706e:   90 90 41 57 41 56 41 55 41 54 53 48 83 ec 10 49
0x00007fdeb1f1707e:   89 ff 48 89 34 24 48 89 54 24 08 4d 8d b7 80 03 


Stack slot to memory mapping:
stack at sp + 0 slots: 0x00007fde0ecefcb0 is pointing into the stack for thread: 0x00007fdea4854000
stack at sp + 1 slots: 0x00007fdddc5f36c0 points into unknown readable memory: 0x0000000000000030 | 30 00 00 00 00 00 00 00
stack at sp + 2 slots: 0x0000000400000002 is an unknown value
stack at sp + 3 slots: 0x00007fdeb31fcc28: <offset 0x00000000013fcc28> in /opt/RenderDOC/lib/librenderdoc.so at 0x00007fdeb1e00000
stack at sp + 4 slots: 0x00007fdddc455eb8 points into unknown readable memory: 0x0000000000000000 | 00 00 00 00 00 00 00 00
stack at sp + 5 slots: 0x0 is NULL
stack at sp + 6 slots: 0x00007fdeb31fcb10: <offset 0x00000000013fcb10> in /opt/RenderDOC/lib/librenderdoc.so at 0x00007fdeb1e00000
stack at sp + 7 slots: 0x00007fdeb20996fe: <offset 0x00000000002996fe> in /opt/RenderDOC/lib/librenderdoc.so at 0x00007fdeb1e00000


---------------  P R O C E S S  ---------------

Threads class SMR info:
_java_thread_list=0x00007fde440015f0, length=19, elements={
0x00007fdea4217800, 0x00007fdea421c000, 0x00007fdea423a800, 0x00007fdea423c800,
0x00007fdea423e800, 0x00007fdea4241000, 0x00007fdea4243000, 0x00007fdea4321000,
0x00007fdea4325000, 0x00007fdea4335800, 0x00007fdea47d2800, 0x00007fdea47da800,
0x00007fde10154800, 0x00007fde1031b000, 0x00007fdea4854000, 0x00007fdea4028800,
0x00007fdddc887800, 0x00007fdddcb25000, 0x00007fdddd8e2000
}

Java Threads: ( => current thread )
  0x00007fdea4217800 JavaThread "Reference Handler" daemon [_thread_blocked, id=2079695, stack(0x00007fde791f8000,0x00007fde792f8000)]
  0x00007fdea421c000 JavaThread "Finalizer" daemon [_thread_blocked, id=2079696, stack(0x00007fde790f8000,0x00007fde791f8000)]
  0x00007fdea423a800 JavaThread "Signal Dispatcher" daemon [_thread_blocked, id=2079697, stack(0x00007fde78d80000,0x00007fde78e80000)]
  0x00007fdea423c800 JavaThread "Service Thread" daemon [_thread_blocked, id=2079698, stack(0x00007fde78c80000,0x00007fde78d80000)]
  0x00007fdea423e800 JavaThread "C2 CompilerThread0" daemon [_thread_blocked, id=2079699, stack(0x00007fde78b80000,0x00007fde78c80000)]
  0x00007fdea4241000 JavaThread "C1 CompilerThread0" daemon [_thread_blocked, id=2079700, stack(0x00007fde78a80000,0x00007fde78b80000)]
  0x00007fdea4243000 JavaThread "Sweeper thread" daemon [_thread_blocked, id=2079701, stack(0x00007fde78980000,0x00007fde78a80000)]
  0x00007fdea4321000 JavaThread "JDWP Transport Listener: dt_socket" daemon [_thread_in_native, id=2079703, stack(0x00007fde78880000,0x00007fde78980000)]
  0x00007fdea4325000 JavaThread "JDWP Event Helper Thread" daemon [_thread_blocked, id=2079706, stack(0x00007fde78500000,0x00007fde78600000)]
  0x00007fdea4335800 JavaThread "Common-Cleaner" daemon [_thread_blocked, id=2079722, stack(0x00007fde781fe000,0x00007fde782fe000)]
  0x00007fdea47d2800 JavaThread "Java2D Disposer" daemon [_thread_blocked, id=2079729, stack(0x00007fde37500000,0x00007fde37600000)]
  0x00007fdea47da800 JavaThread "AWT-XAWT" daemon [_thread_in_native, id=2079730, stack(0x00007fde37100000,0x00007fde37200000)]
  0x00007fde10154800 JavaThread "Timer-0" daemon [_thread_blocked, id=2079734, stack(0x00007fde344fd000,0x00007fde345fd000)]
  0x00007fde1031b000 JavaThread "TimerQueue" daemon [_thread_blocked, id=2079773, stack(0x00007fde0f0f2000,0x00007fde0f1f2000)]
=>0x00007fdea4854000 JavaThread "jME3 Main" [_thread_in_native, id=2079779, stack(0x00007fde0ebf2000,0x00007fde0ecf2000)]
  0x00007fdea4028800 JavaThread "DestroyJavaVM" [_thread_blocked, id=2079688, stack(0x00007fdeb1500000,0x00007fdeb1600000)]
  0x00007fdddc887800 JavaThread "LWJGL Deallocator" daemon [_thread_blocked, id=2079785, stack(0x00007fde34000000,0x00007fde34100000)]
  0x00007fdddcb25000 JavaThread "jME3 Audio Decoder" daemon [_thread_blocked, id=2079789, stack(0x00007fddc36ff000,0x00007fddc37ff000)]
  0x00007fdddd8e2000 JavaThread "LWJGL Timer" daemon [_thread_blocked, id=2079838, stack(0x00007fde34100000,0x00007fde34200000)]

Other Threads:
  0x00007fdea420f800 VMThread "VM Thread" [stack: 0x00007fde792fa000,0x00007fde793fa000] [id=2079694]
  0x00007fdea4327800 WatcherThread [stack: 0x00007fde78300000,0x00007fde78400000] [id=2079721]
  0x00007fdea4041000 GCTaskThread "GC Thread#0" [stack: 0x00007fdeb0500000,0x00007fdeb0600000] [id=2079689]
  0x00007fde6c021000 GCTaskThread "GC Thread#1" [stack: 0x00007fde0f900000,0x00007fde0fa00000] [id=2079756]
  0x00007fde6c022800 GCTaskThread "GC Thread#2" [stack: 0x00007fde0f7fe000,0x00007fde0f8fe000] [id=2079757]
  0x00007fde6c024000 GCTaskThread "GC Thread#3" [stack: 0x00007fde0f6fc000,0x00007fde0f7fc000] [id=2079758]
  0x00007fde6c026000 GCTaskThread "GC Thread#4" [stack: 0x00007fde0f5fa000,0x00007fde0f6fa000] [id=2079759]
  0x00007fde6c027800 GCTaskThread "GC Thread#5" [stack: 0x00007fde0f4f8000,0x00007fde0f5f8000] [id=2079760]
  0x00007fde6c634000 GCTaskThread "GC Thread#6" [stack: 0x00007fde0eaf2000,0x00007fde0ebf2000] [id=2079780]
  0x00007fde6c12e800 GCTaskThread "GC Thread#7" [stack: 0x00007fde0df00000,0x00007fde0e000000] [id=2079781]
  0x00007fdea409f000 ConcurrentGCThread "G1 Main Marker" [stack: 0x00007fde8c700000,0x00007fde8c800000] [id=2079690]
  0x00007fdea40a1000 ConcurrentGCThread "G1 Conc#0" [stack: 0x00007fde8c5fe000,0x00007fde8c6fe000] [id=2079691]
  0x00007fde7c001000 ConcurrentGCThread "G1 Conc#1" [stack: 0x00007fde0f3f6000,0x00007fde0f4f6000] [id=2079761]
  0x00007fde7c002800 ConcurrentGCThread "G1 Conc#2" [stack: 0x00007fde0f2f4000,0x00007fde0f3f4000] [id=2079762]
  0x00007fdea41aa800 ConcurrentGCThread "G1 Refine#0" [stack: 0x00007fde79cfe000,0x00007fde79dfe000] [id=2079692]
  0x00007fdea41ac000 ConcurrentGCThread "G1 Young RemSet Sampling" [stack: 0x00007fde79bfc000,0x00007fde79cfc000] [id=2079693]

Threads with active compile tasks:

VM state:not at safepoint (normal execution)

VM Mutex/Monitor currently owned by a thread: None

Heap address: 0x0000000707000000, size: 3984 MB, Compressed Oops mode: Zero based, Oop shift amount: 3
Narrow klass base: 0x0000000800000000, Narrow klass shift: 0
Compressed class space size: 1073741824 Address: 0x0000000800000000

Heap:
 garbage-first heap   total 142336K, used 66024K [0x0000000707000000, 0x0000000800000000)
  region size 1024K, 43 young (44032K), 1 survivors (1024K)
 Metaspace       used 34588K, capacity 35569K, committed 35760K, reserved 1081344K
  class space    used 3431K, capacity 3740K, committed 3840K, reserved 1048576K
Heap Regions: E=young(eden), S=young(survivor), O=old, HS=humongous(starts), HC=humongous(continues), CS=collection set, F=free, A=archive, TAMS=top-at-mark-start (previous, next)
|   0|0x0000000707000000, 0x0000000707100000, 0x0000000707100000|100%|HS|  |TAMS 0x0000000707100000, 0x0000000707000000| Complete 
|   1|0x0000000707100000, 0x0000000707200000, 0x0000000707200000|100%|HC|  |TAMS 0x0000000707200000, 0x0000000707100000| Complete 
|   2|0x0000000707200000, 0x0000000707300000, 0x0000000707300000|100%| O|  |TAMS 0x0000000707300000, 0x0000000707200000| Untracked 
|   3|0x0000000707300000, 0x00000007073fab60, 0x0000000707400000| 97%| O|  |TAMS 0x00000007073fab60, 0x0000000707300000| Untracked 
|   4|0x0000000707400000, 0x00000007074ffec0, 0x0000000707500000| 99%| O|  |TAMS 0x00000007074ffec0, 0x0000000707400000| Untracked 
|   5|0x0000000707500000, 0x00000007075fffd0, 0x0000000707600000| 99%| O|  |TAMS 0x00000007075fffd0, 0x0000000707500000| Untracked 
|   6|0x0000000707600000, 0x0000000707700000, 0x0000000707700000|100%| O|  |TAMS 0x0000000707700000, 0x0000000707600000| Untracked 
|   7|0x0000000707700000, 0x00000007077cb120, 0x0000000707800000| 79%| O|  |TAMS 0x00000007077cb120, 0x0000000707700000| Untracked 
|   8|0x0000000707800000, 0x0000000707900000, 0x0000000707900000|100%| O|  |TAMS 0x0000000707900000, 0x0000000707800000| Untracked 
|   9|0x0000000707900000, 0x0000000707900000, 0x0000000707a00000|  0%| F|  |TAMS 0x0000000707900000, 0x0000000707900000| Untracked 
|  10|0x0000000707a00000, 0x0000000707ae7000, 0x0000000707b00000| 90%| O|  |TAMS 0x0000000707ae7000, 0x0000000707a00000| Untracked 
|  11|0x0000000707b00000, 0x0000000707b00000, 0x0000000707c00000|  0%| F|  |TAMS 0x0000000707b00000, 0x0000000707b00000| Untracked 
|  12|0x0000000707c00000, 0x0000000707c00000, 0x0000000707d00000|  0%| F|  |TAMS 0x0000000707c00000, 0x0000000707c00000| Untracked 
|  13|0x0000000707d00000, 0x0000000707d00000, 0x0000000707e00000|  0%| F|  |TAMS 0x0000000707d00000, 0x0000000707d00000| Untracked 
|  14|0x0000000707e00000, 0x0000000707e00000, 0x0000000707f00000|  0%| F|  |TAMS 0x0000000707e00000, 0x0000000707e00000| Untracked 
|  15|0x0000000707f00000, 0x0000000707f00000, 0x0000000708000000|  0%| F|  |TAMS 0x0000000707f00000, 0x0000000707f00000| Untracked 
|  16|0x0000000708000000, 0x0000000708000000, 0x0000000708100000|  0%| F|  |TAMS 0x0000000708000000, 0x0000000708000000| Untracked 
|  17|0x0000000708100000, 0x000000070817bec0, 0x0000000708200000| 48%| O|  |TAMS 0x000000070817bec0, 0x0000000708100000| Untracked 
|  18|0x0000000708200000, 0x0000000708200000, 0x0000000708300000|  0%| F|  |TAMS 0x0000000708200000, 0x0000000708200000| Untracked 
|  19|0x0000000708300000, 0x0000000708300000, 0x0000000708400000|  0%| F|  |TAMS 0x0000000708300000, 0x0000000708300000| Untracked 
|  20|0x0000000708400000, 0x0000000708400000, 0x0000000708500000|  0%| F|  |TAMS 0x0000000708400000, 0x0000000708400000| Untracked 
|  21|0x0000000708500000, 0x0000000708500000, 0x0000000708600000|  0%| F|  |TAMS 0x0000000708500000, 0x0000000708500000| Untracked 
|  22|0x0000000708600000, 0x0000000708600000, 0x0000000708700000|  0%| F|  |TAMS 0x0000000708600000, 0x0000000708600000| Untracked 
|  23|0x0000000708700000, 0x0000000708700000, 0x0000000708800000|  0%| F|  |TAMS 0x0000000708700000, 0x0000000708700000| Untracked 
|  24|0x0000000708800000, 0x0000000708800000, 0x0000000708900000|  0%| F|  |TAMS 0x0000000708800000, 0x0000000708800000| Untracked 
|  25|0x0000000708900000, 0x0000000708900000, 0x0000000708a00000|  0%| F|  |TAMS 0x0000000708900000, 0x0000000708900000| Untracked 
|  26|0x0000000708a00000, 0x0000000708b00000, 0x0000000708b00000|100%|HS|  |TAMS 0x0000000708a00000, 0x0000000708a00000| Complete 
|  27|0x0000000708b00000, 0x0000000708c00000, 0x0000000708c00000|100%|HC|  |TAMS 0x0000000708b00000, 0x0000000708b00000| Complete 
|  28|0x0000000708c00000, 0x0000000708d00000, 0x0000000708d00000|100%|HC|  |TAMS 0x0000000708c00000, 0x0000000708c00000| Complete 
|  29|0x0000000708d00000, 0x0000000708e00000, 0x0000000708e00000|100%|HC|  |TAMS 0x0000000708d00000, 0x0000000708d00000| Complete 
|  30|0x0000000708e00000, 0x0000000708f00000, 0x0000000708f00000|100%|HC|  |TAMS 0x0000000708e00000, 0x0000000708e00000| Complete 
|  31|0x0000000708f00000, 0x0000000709000000, 0x0000000709000000|100%|HC|  |TAMS 0x0000000708f00000, 0x0000000708f00000| Complete 
|  32|0x0000000709000000, 0x0000000709100000, 0x0000000709100000|100%|HC|  |TAMS 0x0000000709000000, 0x0000000709000000| Complete 
|  33|0x0000000709100000, 0x0000000709200000, 0x0000000709200000|100%|HC|  |TAMS 0x0000000709100000, 0x0000000709100000| Complete 
|  34|0x0000000709200000, 0x0000000709300000, 0x0000000709300000|100%|HC|  |TAMS 0x0000000709200000, 0x0000000709200000| Complete 
|  35|0x0000000709300000, 0x0000000709400000, 0x0000000709400000|100%|HC|  |TAMS 0x0000000709300000, 0x0000000709300000| Complete 
|  36|0x0000000709400000, 0x0000000709500000, 0x0000000709500000|100%|HC|  |TAMS 0x0000000709400000, 0x0000000709400000| Complete 
|  37|0x0000000709500000, 0x0000000709600000, 0x0000000709600000|100%|HC|  |TAMS 0x0000000709500000, 0x0000000709500000| Complete 
|  38|0x0000000709600000, 0x0000000709700000, 0x0000000709700000|100%|HC|  |TAMS 0x0000000709600000, 0x0000000709600000| Complete 
|  39|0x0000000709700000, 0x0000000709700000, 0x0000000709800000|  0%| F|  |TAMS 0x0000000709700000, 0x0000000709700000| Untracked 
|  40|0x0000000709800000, 0x0000000709800000, 0x0000000709900000|  0%| F|  |TAMS 0x0000000709800000, 0x0000000709800000| Untracked 
|  41|0x0000000709900000, 0x0000000709900000, 0x0000000709a00000|  0%| F|  |TAMS 0x0000000709900000, 0x0000000709900000| Untracked 
|  42|0x0000000709a00000, 0x0000000709a00000, 0x0000000709b00000|  0%| F|  |TAMS 0x0000000709a00000, 0x0000000709a00000| Untracked 
|  43|0x0000000709b00000, 0x0000000709b00000, 0x0000000709c00000|  0%| F|  |TAMS 0x0000000709b00000, 0x0000000709b00000| Untracked 
|  44|0x0000000709c00000, 0x0000000709c00000, 0x0000000709d00000|  0%| F|  |TAMS 0x0000000709c00000, 0x0000000709c00000| Untracked 
|  45|0x0000000709d00000, 0x0000000709d00000, 0x0000000709e00000|  0%| F|  |TAMS 0x0000000709d00000, 0x0000000709d00000| Untracked 
|  46|0x0000000709e00000, 0x0000000709e00000, 0x0000000709f00000|  0%| F|  |TAMS 0x0000000709e00000, 0x0000000709e00000| Untracked 
|  47|0x0000000709f00000, 0x0000000709f00000, 0x000000070a000000|  0%| F|  |TAMS 0x0000000709f00000, 0x0000000709f00000| Untracked 
|  48|0x000000070a000000, 0x000000070a000000, 0x000000070a100000|  0%| F|  |TAMS 0x000000070a000000, 0x000000070a000000| Untracked 
|  49|0x000000070a100000, 0x000000070a100000, 0x000000070a200000|  0%| F|  |TAMS 0x000000070a100000, 0x000000070a100000| Untracked 
|  50|0x000000070a200000, 0x000000070a200000, 0x000000070a300000|  0%| F|  |TAMS 0x000000070a200000, 0x000000070a200000| Untracked 
|  51|0x000000070a300000, 0x000000070a300000, 0x000000070a400000|  0%| F|  |TAMS 0x000000070a300000, 0x000000070a300000| Untracked 
|  52|0x000000070a400000, 0x000000070a400000, 0x000000070a500000|  0%| F|  |TAMS 0x000000070a400000, 0x000000070a400000| Untracked 
|  53|0x000000070a500000, 0x000000070a500000, 0x000000070a600000|  0%| F|  |TAMS 0x000000070a500000, 0x000000070a500000| Untracked 
|  54|0x000000070a600000, 0x000000070a600000, 0x000000070a700000|  0%| F|  |TAMS 0x000000070a600000, 0x000000070a600000| Untracked 
|  55|0x000000070a700000, 0x000000070a751708, 0x000000070a800000| 31%| S|CS|TAMS 0x000000070a700000, 0x000000070a700000| Complete 
|  56|0x000000070a800000, 0x000000070a800000, 0x000000070a900000|  0%| F|  |TAMS 0x000000070a800000, 0x000000070a800000| Untracked 
|  57|0x000000070a900000, 0x000000070a900000, 0x000000070aa00000|  0%| F|  |TAMS 0x000000070a900000, 0x000000070a900000| Untracked 
|  58|0x000000070aa00000, 0x000000070aa00000, 0x000000070ab00000|  0%| F|  |TAMS 0x000000070aa00000, 0x000000070aa00000| Untracked 
|  59|0x000000070ab00000, 0x000000070ab00000, 0x000000070ac00000|  0%| F|  |TAMS 0x000000070ab00000, 0x000000070ab00000| Untracked 
|  60|0x000000070ac00000, 0x000000070ac00000, 0x000000070ad00000|  0%| F|  |TAMS 0x000000070ac00000, 0x000000070ac00000| Untracked 
|  61|0x000000070ad00000, 0x000000070ad00000, 0x000000070ae00000|  0%| F|  |TAMS 0x000000070ad00000, 0x000000070ad00000| Untracked 
|  62|0x000000070ae00000, 0x000000070ae00000, 0x000000070af00000|  0%| F|  |TAMS 0x000000070ae00000, 0x000000070ae00000| Untracked 
|  63|0x000000070af00000, 0x000000070af00000, 0x000000070b000000|  0%| F|  |TAMS 0x000000070af00000, 0x000000070af00000| Untracked 
|  64|0x000000070b000000, 0x000000070b000000, 0x000000070b100000|  0%| F|  |TAMS 0x000000070b000000, 0x000000070b000000| Untracked 
|  65|0x000000070b100000, 0x000000070b100000, 0x000000070b200000|  0%| F|  |TAMS 0x000000070b100000, 0x000000070b100000| Untracked 
|  66|0x000000070b200000, 0x000000070b200000, 0x000000070b300000|  0%| F|  |TAMS 0x000000070b200000, 0x000000070b200000| Untracked 
|  67|0x000000070b300000, 0x000000070b300000, 0x000000070b400000|  0%| F|  |TAMS 0x000000070b300000, 0x000000070b300000| Untracked 
|  68|0x000000070b400000, 0x000000070b400000, 0x000000070b500000|  0%| F|  |TAMS 0x000000070b400000, 0x000000070b400000| Untracked 
|  69|0x000000070b500000, 0x000000070b500000, 0x000000070b600000|  0%| F|  |TAMS 0x000000070b500000, 0x000000070b500000| Untracked 
|  70|0x000000070b600000, 0x000000070b600000, 0x000000070b700000|  0%| F|  |TAMS 0x000000070b600000, 0x000000070b600000| Untracked 
|  71|0x000000070b700000, 0x000000070b700000, 0x000000070b800000|  0%| F|  |TAMS 0x000000070b700000, 0x000000070b700000| Untracked 
|  72|0x000000070b800000, 0x000000070b800000, 0x000000070b900000|  0%| F|  |TAMS 0x000000070b800000, 0x000000070b800000| Untracked 
|  73|0x000000070b900000, 0x000000070b900000, 0x000000070ba00000|  0%| F|  |TAMS 0x000000070b900000, 0x000000070b900000| Untracked 
|  74|0x000000070ba00000, 0x000000070ba00000, 0x000000070bb00000|  0%| F|  |TAMS 0x000000070ba00000, 0x000000070ba00000| Untracked 
|  75|0x000000070bb00000, 0x000000070bb00000, 0x000000070bc00000|  0%| F|  |TAMS 0x000000070bb00000, 0x000000070bb00000| Untracked 
|  76|0x000000070bc00000, 0x000000070bc00000, 0x000000070bd00000|  0%| F|  |TAMS 0x000000070bc00000, 0x000000070bc00000| Untracked 
|  77|0x000000070bd00000, 0x000000070bd00000, 0x000000070be00000|  0%| F|  |TAMS 0x000000070bd00000, 0x000000070bd00000| Untracked 
|  78|0x000000070be00000, 0x000000070be00000, 0x000000070bf00000|  0%| F|  |TAMS 0x000000070be00000, 0x000000070be00000| Untracked 
|  79|0x000000070bf00000, 0x000000070bf00000, 0x000000070c000000|  0%| F|  |TAMS 0x000000070bf00000, 0x000000070bf00000| Untracked 
|  80|0x000000070c000000, 0x000000070c000000, 0x000000070c100000|  0%| F|  |TAMS 0x000000070c000000, 0x000000070c000000| Untracked 
|  81|0x000000070c100000, 0x000000070c100000, 0x000000070c200000|  0%| F|  |TAMS 0x000000070c100000, 0x000000070c100000| Untracked 
|  82|0x000000070c200000, 0x000000070c200000, 0x000000070c300000|  0%| F|  |TAMS 0x000000070c200000, 0x000000070c200000| Untracked 
|  83|0x000000070c300000, 0x000000070c300000, 0x000000070c400000|  0%| F|  |TAMS 0x000000070c300000, 0x000000070c300000| Untracked 
|  84|0x000000070c400000, 0x000000070c400000, 0x000000070c500000|  0%| F|  |TAMS 0x000000070c400000, 0x000000070c400000| Untracked 
|  85|0x000000070c500000, 0x000000070c500000, 0x000000070c600000|  0%| F|  |TAMS 0x000000070c500000, 0x000000070c500000| Untracked 
|  86|0x000000070c600000, 0x000000070c600000, 0x000000070c700000|  0%| F|  |TAMS 0x000000070c600000, 0x000000070c600000| Untracked 
|  87|0x000000070c700000, 0x000000070c700000, 0x000000070c800000|  0%| F|  |TAMS 0x000000070c700000, 0x000000070c700000| Untracked 
|  88|0x000000070c800000, 0x000000070c800000, 0x000000070c900000|  0%| F|  |TAMS 0x000000070c800000, 0x000000070c800000| Untracked 
|  89|0x000000070c900000, 0x000000070c900000, 0x000000070ca00000|  0%| F|  |TAMS 0x000000070c900000, 0x000000070c900000| Untracked 
|  90|0x000000070ca00000, 0x000000070ca00000, 0x000000070cb00000|  0%| F|  |TAMS 0x000000070ca00000, 0x000000070ca00000| Untracked 
|  91|0x000000070cb00000, 0x000000070cb00000, 0x000000070cc00000|  0%| F|  |TAMS 0x000000070cb00000, 0x000000070cb00000| Untracked 
|  92|0x000000070cc00000, 0x000000070cc00000, 0x000000070cd00000|  0%| F|  |TAMS 0x000000070cc00000, 0x000000070cc00000| Untracked 
|  93|0x000000070cd00000, 0x000000070cd00000, 0x000000070ce00000|  0%| F|  |TAMS 0x000000070cd00000, 0x000000070cd00000| Untracked 
|  94|0x000000070ce00000, 0x000000070ce00000, 0x000000070cf00000|  0%| F|  |TAMS 0x000000070ce00000, 0x000000070ce00000| Untracked 
|  95|0x000000070cf00000, 0x000000070cf00000, 0x000000070d000000|  0%| F|  |TAMS 0x000000070cf00000, 0x000000070cf00000| Untracked 
|  96|0x000000070d000000, 0x000000070d000000, 0x000000070d100000|  0%| F|  |TAMS 0x000000070d000000, 0x000000070d000000| Untracked 
|  97|0x000000070d100000, 0x000000070d180800, 0x000000070d200000| 50%| E|  |TAMS 0x000000070d100000, 0x000000070d100000| Complete 
|  98|0x000000070d200000, 0x000000070d300000, 0x000000070d300000|100%| E|CS|TAMS 0x000000070d200000, 0x000000070d200000| Complete 
|  99|0x000000070d300000, 0x000000070d400000, 0x000000070d400000|100%| E|CS|TAMS 0x000000070d300000, 0x000000070d300000| Complete 
| 100|0x000000070d400000, 0x000000070d500000, 0x000000070d500000|100%| E|CS|TAMS 0x000000070d400000, 0x000000070d400000| Complete 
| 101|0x000000070d500000, 0x000000070d600000, 0x000000070d600000|100%| E|CS|TAMS 0x000000070d500000, 0x000000070d500000| Complete 
| 102|0x000000070d600000, 0x000000070d700000, 0x000000070d700000|100%| E|CS|TAMS 0x000000070d600000, 0x000000070d600000| Complete 
| 103|0x000000070d700000, 0x000000070d800000, 0x000000070d800000|100%| E|CS|TAMS 0x000000070d700000, 0x000000070d700000| Complete 
| 104|0x000000070d800000, 0x000000070d900000, 0x000000070d900000|100%| E|CS|TAMS 0x000000070d800000, 0x000000070d800000| Complete 
| 105|0x000000070d900000, 0x000000070da00000, 0x000000070da00000|100%| E|CS|TAMS 0x000000070d900000, 0x000000070d900000| Complete 
| 106|0x000000070da00000, 0x000000070db00000, 0x000000070db00000|100%| E|CS|TAMS 0x000000070da00000, 0x000000070da00000| Complete 
| 107|0x000000070db00000, 0x000000070dc00000, 0x000000070dc00000|100%| E|CS|TAMS 0x000000070db00000, 0x000000070db00000| Complete 
| 108|0x000000070dc00000, 0x000000070dd00000, 0x000000070dd00000|100%| E|CS|TAMS 0x000000070dc00000, 0x000000070dc00000| Complete 
| 109|0x000000070dd00000, 0x000000070de00000, 0x000000070de00000|100%| E|CS|TAMS 0x000000070dd00000, 0x000000070dd00000| Complete 
| 110|0x000000070de00000, 0x000000070df00000, 0x000000070df00000|100%| E|CS|TAMS 0x000000070de00000, 0x000000070de00000| Complete 
| 111|0x000000070df00000, 0x000000070e000000, 0x000000070e000000|100%| E|CS|TAMS 0x000000070df00000, 0x000000070df00000| Complete 
| 112|0x000000070e000000, 0x000000070e100000, 0x000000070e100000|100%| E|CS|TAMS 0x000000070e000000, 0x000000070e000000| Complete 
| 113|0x000000070e100000, 0x000000070e200000, 0x000000070e200000|100%| E|CS|TAMS 0x000000070e100000, 0x000000070e100000| Complete 
| 114|0x000000070e200000, 0x000000070e300000, 0x000000070e300000|100%| E|CS|TAMS 0x000000070e200000, 0x000000070e200000| Complete 
| 115|0x000000070e300000, 0x000000070e400000, 0x000000070e400000|100%| E|CS|TAMS 0x000000070e300000, 0x000000070e300000| Complete 
| 116|0x000000070e400000, 0x000000070e500000, 0x000000070e500000|100%| E|CS|TAMS 0x000000070e400000, 0x000000070e400000| Complete 
| 117|0x000000070e500000, 0x000000070e600000, 0x000000070e600000|100%| E|CS|TAMS 0x000000070e500000, 0x000000070e500000| Complete 
| 118|0x000000070e600000, 0x000000070e700000, 0x000000070e700000|100%| E|CS|TAMS 0x000000070e600000, 0x000000070e600000| Complete 
| 119|0x000000070e700000, 0x000000070e800000, 0x000000070e800000|100%| E|CS|TAMS 0x000000070e700000, 0x000000070e700000| Complete 
| 120|0x000000070e800000, 0x000000070e900000, 0x000000070e900000|100%| E|CS|TAMS 0x000000070e800000, 0x000000070e800000| Complete 
| 121|0x000000070e900000, 0x000000070ea00000, 0x000000070ea00000|100%| E|CS|TAMS 0x000000070e900000, 0x000000070e900000| Complete 
| 122|0x000000070ea00000, 0x000000070eb00000, 0x000000070eb00000|100%| E|CS|TAMS 0x000000070ea00000, 0x000000070ea00000| Complete 
| 123|0x000000070eb00000, 0x000000070ec00000, 0x000000070ec00000|100%| E|CS|TAMS 0x000000070eb00000, 0x000000070eb00000| Complete 
| 124|0x000000070ec00000, 0x000000070ed00000, 0x000000070ed00000|100%| E|CS|TAMS 0x000000070ec00000, 0x000000070ec00000| Complete 
| 125|0x000000070ed00000, 0x000000070ee00000, 0x000000070ee00000|100%| E|CS|TAMS 0x000000070ed00000, 0x000000070ed00000| Complete 
| 126|0x000000070ee00000, 0x000000070ef00000, 0x000000070ef00000|100%| E|CS|TAMS 0x000000070ee00000, 0x000000070ee00000| Complete 
| 127|0x000000070ef00000, 0x000000070f000000, 0x000000070f000000|100%| E|CS|TAMS 0x000000070ef00000, 0x000000070ef00000| Complete 
| 128|0x000000070f000000, 0x000000070f100000, 0x000000070f100000|100%| E|CS|TAMS 0x000000070f000000, 0x000000070f000000| Complete 
| 129|0x000000070f100000, 0x000000070f200000, 0x000000070f200000|100%| E|CS|TAMS 0x000000070f100000, 0x000000070f100000| Complete 
| 130|0x000000070f200000, 0x000000070f300000, 0x000000070f300000|100%| E|CS|TAMS 0x000000070f200000, 0x000000070f200000| Complete 
| 131|0x000000070f300000, 0x000000070f400000, 0x000000070f400000|100%| E|CS|TAMS 0x000000070f300000, 0x000000070f300000| Complete 
| 132|0x000000070f400000, 0x000000070f500000, 0x000000070f500000|100%| E|CS|TAMS 0x000000070f400000, 0x000000070f400000| Complete 
| 133|0x000000070f500000, 0x000000070f600000, 0x000000070f600000|100%| E|CS|TAMS 0x000000070f500000, 0x000000070f500000| Complete 
| 134|0x000000070f600000, 0x000000070f700000, 0x000000070f700000|100%| E|CS|TAMS 0x000000070f600000, 0x000000070f600000| Complete 
| 135|0x000000070f700000, 0x000000070f800000, 0x000000070f800000|100%| E|CS|TAMS 0x000000070f700000, 0x000000070f700000| Complete 
| 136|0x000000070f800000, 0x000000070f900000, 0x000000070f900000|100%| E|CS|TAMS 0x000000070f800000, 0x000000070f800000| Complete 
| 137|0x000000070f900000, 0x000000070fa00000, 0x000000070fa00000|100%| E|CS|TAMS 0x000000070f900000, 0x000000070f900000| Complete 
| 138|0x000000070fa00000, 0x000000070fb00000, 0x000000070fb00000|100%| E|CS|TAMS 0x000000070fa00000, 0x000000070fa00000| Complete 

Card table byte_map: [0x00007fdea896b000,0x00007fdea9133000] _byte_map_base: 0x00007fdea5133000

Marking Bits (Prev, Next): (CMBitMap*) 0x00007fdea408ebf8, (CMBitMap*) 0x00007fdea408ec30
 Prev Bits: [0x00007fde841c0000, 0x00007fde88000000)
 Next Bits: [0x00007fde80380000, 0x00007fde841c0000)

Polling page: 0x00007fdeb6442000

Metaspace:

Usage:
  Non-class:     31,08 MB capacity,    30,43 MB ( 98%) used,   572,29 KB (  2%) free+waste,    98,94 KB ( <1%) overhead. 
      Class:      3,65 MB capacity,     3,35 MB ( 92%) used,   262,66 KB (  7%) free+waste,    46,31 KB (  1%) overhead. 
       Both:     34,74 MB capacity,    33,78 MB ( 97%) used,   834,95 KB (  2%) free+waste,   145,25 KB ( <1%) overhead. 

Virtual space:
  Non-class space:       32,00 MB reserved,      31,17 MB ( 97%) committed 
      Class space:        1,00 GB reserved,       3,75 MB ( <1%) committed 
             Both:        1,03 GB reserved,      34,92 MB (  3%) committed 

Chunk freelists:
   Non-Class:  39,00 KB
       Class:  0 bytes
        Both:  39,00 KB

MaxMetaspaceSize: unlimited
CompressedClassSpaceSize: 1,00 GB

CodeHeap 'non-profiled nmethods': size=120032Kb used=2813Kb max_used=2813Kb free=117218Kb
 bounds [0x00007fde942c8000, 0x00007fde94588000, 0x00007fde9b800000]
CodeHeap 'profiled nmethods': size=120028Kb used=7989Kb max_used=7989Kb free=112038Kb
 bounds [0x00007fde8cd91000, 0x00007fde8d561000, 0x00007fde942c8000]
CodeHeap 'non-nmethods': size=5700Kb used=1774Kb max_used=1830Kb free=3926Kb
 bounds [0x00007fde8c800000, 0x00007fde8ca70000, 0x00007fde8cd91000]
 total_blobs=5210 nmethods=3841 adapters=1289
 compilation: enabled
              stopped_count=0, restarted_count=0
 full_count=0

Compilation events (20 events):
Event: 10,194 Thread 0x00007fdea4241000 3831       3       jdk.internal.misc.Unsafe::getAndSetInt (24 bytes)
Event: 10,194 Thread 0x00007fdea4241000 nmethod 3831 0x00007fde8d556790 code [0x00007fde8d556940, 0x00007fde8d556b70]
Event: 10,244 Thread 0x00007fdea4241000 3832       3       com.jme3.audio.AudioContext::setAudioRenderer (8 bytes)
Event: 10,245 Thread 0x00007fdea4241000 nmethod 3832 0x00007fde8d556c90 code [0x00007fde8d556e80, 0x00007fde8d557410]
Event: 10,294 Thread 0x00007fdea4241000 3834       3       java.util.concurrent.atomic.AtomicBoolean::getAndSet (25 bytes)
Event: 10,295 Thread 0x00007fdea4241000 nmethod 3834 0x00007fde8d557690 code [0x00007fde8d5578c0, 0x00007fde8d557ed0]
Event: 10,295 Thread 0x00007fdea4241000 3833   !   3       com.jme3.system.lwjgl.LwjglWindow::runLoop (167 bytes)
Event: 10,296 Thread 0x00007fdea4241000 nmethod 3833 0x00007fde8d558190 code [0x00007fde8d5585a0, 0x00007fde8d55a210]
Event: 10,296 Thread 0x00007fdea4241000 3835       3       com.jme3.app.LegacyApplication::runQueuedTasks (30 bytes)
Event: 10,296 Thread 0x00007fdea4241000 nmethod 3835 0x00007fde8d55ac90 code [0x00007fde8d55ae80, 0x00007fde8d55b280]
Event: 10,296 Thread 0x00007fdea4241000 3836       3       com.jme3.renderer.queue.GuiComparator::setCamera (1 bytes)
Event: 10,296 Thread 0x00007fdea4241000 nmethod 3836 0x00007fde8d55b410 code [0x00007fde8d55b5c0, 0x00007fde8d55b6b0]
Event: 10,297 Thread 0x00007fdea4241000 3838       3       com.jme3.app.state.AppStateManager::postRender (87 bytes)
Event: 10,297 Thread 0x00007fdea4241000 nmethod 3838 0x00007fde8d55b790 code [0x00007fde8d55ba00, 0x00007fde8d55c7d0]
Event: 10,297 Thread 0x00007fdea4241000 3837       3       com.jme3.app.SimpleApplication::simpleRender (1 bytes)
Event: 10,297 Thread 0x00007fdea4241000 nmethod 3837 0x00007fde8d55cc90 code [0x00007fde8d55ce40, 0x00007fde8d55cf30]
Event: 10,297 Thread 0x00007fdea4241000 3839   !   3       com.sun.proxy.$Proxy0::resetStats (27 bytes)
Event: 10,297 Thread 0x00007fdea4241000 nmethod 3839 0x00007fde8d55d010 code [0x00007fde8d55d280, 0x00007fde8d55db60]
Event: 10,344 Thread 0x00007fdea4241000 3840       3       org.lwjgl.glfw.GLFW::glfwWindowShouldClose (29 bytes)
Event: 10,344 Thread 0x00007fdea4241000 nmethod 3840 0x00007fde8d55e090 code [0x00007fde8d55e280, 0x00007fde8d55e570]

GC Heap History (20 events):
Event: 3,520 GC heap before
{Heap before GC invocations=8 (full 3):
 garbage-first heap   total 27648K, used 17345K [0x0000000707000000, 0x0000000800000000)
  region size 1024K, 10 young (10240K), 1 survivors (1024K)
 Metaspace       used 33026K, capacity 33762K, committed 34096K, reserved 1079296K
  class space    used 3352K, capacity 3665K, committed 3712K, reserved 1048576K
}
Event: 3,521 GC heap after
{Heap after GC invocations=9 (full 3):
 garbage-first heap   total 27648K, used 10508K [0x0000000707000000, 0x0000000800000000)
  region size 1024K, 2 young (2048K), 2 survivors (2048K)
 Metaspace       used 33026K, capacity 33762K, committed 34096K, reserved 1079296K
  class space    used 3352K, capacity 3665K, committed 3712K, reserved 1048576K
}
Event: 3,552 GC heap before
{Heap before GC invocations=9 (full 3):
 garbage-first heap   total 27648K, used 18700K [0x0000000707000000, 0x0000000800000000)
  region size 1024K, 10 young (10240K), 2 survivors (2048K)
 Metaspace       used 33044K, capacity 33762K, committed 34096K, reserved 1079296K
  class space    used 3352K, capacity 3665K, committed 3712K, reserved 1048576K
}
Event: 3,553 GC heap after
{Heap after GC invocations=10 (full 3):
 garbage-first heap   total 27648K, used 11630K [0x0000000707000000, 0x0000000800000000)
  region size 1024K, 1 young (1024K), 1 survivors (1024K)
 Metaspace       used 33044K, capacity 33762K, committed 34096K, reserved 1079296K
  class space    used 3352K, capacity 3665K, committed 3712K, reserved 1048576K
}
Event: 3,571 GC heap before
{Heap before GC invocations=10 (full 3):
 garbage-first heap   total 27648K, used 14702K [0x0000000707000000, 0x0000000800000000)
  region size 1024K, 6 young (6144K), 1 survivors (1024K)
 Metaspace       used 33045K, capacity 33762K, committed 34096K, reserved 1079296K
  class space    used 3352K, capacity 3665K, committed 3712K, reserved 1048576K
}
Event: 3,572 GC heap after
{Heap after GC invocations=11 (full 3):
 garbage-first heap   total 27648K, used 11494K [0x0000000707000000, 0x0000000800000000)
  region size 1024K, 1 young (1024K), 1 survivors (1024K)
 Metaspace       used 33045K, capacity 33762K, committed 34096K, reserved 1079296K
  class space    used 3352K, capacity 3665K, committed 3712K, reserved 1048576K
}
Event: 3,604 GC heap before
{Heap before GC invocations=12 (full 3):
 garbage-first heap   total 27648K, used 20710K [0x0000000707000000, 0x0000000800000000)
  region size 1024K, 9 young (9216K), 1 survivors (1024K)
 Metaspace       used 33045K, capacity 33762K, committed 34096K, reserved 1079296K
  class space    used 3352K, capacity 3665K, committed 3712K, reserved 1048576K
}
Event: 3,605 GC heap after
{Heap after GC invocations=13 (full 3):
 garbage-first heap   total 27648K, used 12503K [0x0000000707000000, 0x0000000800000000)
  region size 1024K, 1 young (1024K), 1 survivors (1024K)
 Metaspace       used 33045K, capacity 33762K, committed 34096K, reserved 1079296K
  class space    used 3352K, capacity 3665K, committed 3712K, reserved 1048576K
}
Event: 3,623 GC heap before
{Heap before GC invocations=13 (full 3):
 garbage-first heap   total 27648K, used 19671K [0x0000000707000000, 0x0000000800000000)
  region size 1024K, 8 young (8192K), 1 survivors (1024K)
 Metaspace       used 33045K, capacity 33762K, committed 34096K, reserved 1079296K
  class space    used 3352K, capacity 3665K, committed 3712K, reserved 1048576K
}
Event: 3,624 GC heap after
{Heap after GC invocations=14 (full 3):
 garbage-first heap   total 27648K, used 12510K [0x0000000707000000, 0x0000000800000000)
  region size 1024K, 1 young (1024K), 1 survivors (1024K)
 Metaspace       used 33045K, capacity 33762K, committed 34096K, reserved 1079296K
  class space    used 3352K, capacity 3665K, committed 3712K, reserved 1048576K
}
Event: 3,650 GC heap before
{Heap before GC invocations=15 (full 3):
 garbage-first heap   total 27648K, used 23774K [0x0000000707000000, 0x0000000800000000)
  region size 1024K, 9 young (9216K), 1 survivors (1024K)
 Metaspace       used 33045K, capacity 33762K, committed 34096K, reserved 1079296K
  class space    used 3352K, capacity 3665K, committed 3712K, reserved 1048576K
}
Event: 3,650 GC heap after
{Heap after GC invocations=16 (full 3):
 garbage-first heap   total 27648K, used 14534K [0x0000000707000000, 0x0000000800000000)
  region size 1024K, 1 young (1024K), 1 survivors (1024K)
 Metaspace       used 33045K, capacity 33762K, committed 34096K, reserved 1079296K
  class space    used 3352K, capacity 3665K, committed 3712K, reserved 1048576K
}
Event: 3,670 GC heap before
{Heap before GC invocations=16 (full 3):
 garbage-first heap   total 27648K, used 20678K [0x0000000707000000, 0x0000000800000000)
  region size 1024K, 8 young (8192K), 1 survivors (1024K)
 Metaspace       used 33045K, capacity 33762K, committed 34096K, reserved 1079296K
  class space    used 3352K, capacity 3665K, committed 3712K, reserved 1048576K
}
Event: 3,671 GC heap after
{Heap after GC invocations=17 (full 3):
 garbage-first heap   total 27648K, used 14540K [0x0000000707000000, 0x0000000800000000)
  region size 1024K, 1 young (1024K), 1 survivors (1024K)
 Metaspace       used 33045K, capacity 33762K, committed 34096K, reserved 1079296K
  class space    used 3352K, capacity 3665K, committed 3712K, reserved 1048576K
}
Event: 3,694 GC heap before
{Heap before GC invocations=18 (full 3):
 garbage-first heap   total 27648K, used 20684K [0x0000000707000000, 0x0000000800000000)
  region size 1024K, 8 young (8192K), 1 survivors (1024K)
 Metaspace       used 33045K, capacity 33762K, committed 34096K, reserved 1079296K
  class space    used 3352K, capacity 3665K, committed 3712K, reserved 1048576K
}
Event: 3,695 GC heap after
{Heap after GC invocations=19 (full 3):
 garbage-first heap   total 142336K, used 14554K [0x0000000707000000, 0x0000000800000000)
  region size 1024K, 1 young (1024K), 1 survivors (1024K)
 Metaspace       used 33045K, capacity 33762K, committed 34096K, reserved 1079296K
  class space    used 3352K, capacity 3665K, committed 3712K, reserved 1048576K
}
Event: 3,931 GC heap before
{Heap before GC invocations=19 (full 3):
 garbage-first heap   total 142336K, used 119002K [0x0000000707000000, 0x0000000800000000)
  region size 1024K, 83 young (84992K), 1 survivors (1024K)
 Metaspace       used 33054K, capacity 33762K, committed 34096K, reserved 1079296K
  class space    used 3352K, capacity 3665K, committed 3712K, reserved 1048576K
}
Event: 3,931 GC heap after
{Heap after GC invocations=20 (full 3):
 garbage-first heap   total 142336K, used 23758K [0x0000000707000000, 0x0000000800000000)
  region size 1024K, 1 young (1024K), 1 survivors (1024K)
 Metaspace       used 33054K, capacity 33762K, committed 34096K, reserved 1079296K
  class space    used 3352K, capacity 3665K, committed 3712K, reserved 1048576K
}
Event: 4,091 GC heap before
{Heap before GC invocations=20 (full 3):
 garbage-first heap   total 142336K, used 114894K [0x0000000707000000, 0x0000000800000000)
  region size 1024K, 83 young (84992K), 1 survivors (1024K)
 Metaspace       used 33248K, capacity 33960K, committed 34352K, reserved 1079296K
  class space    used 3367K, capacity 3667K, committed 3712K, reserved 1048576K
}
Event: 4,092 GC heap after
{Heap after GC invocations=21 (full 3):
 garbage-first heap   total 142336K, used 24040K [0x0000000707000000, 0x0000000800000000)
  region size 1024K, 1 young (1024K), 1 survivors (1024K)
 Metaspace       used 33248K, capacity 33960K, committed 34352K, reserved 1079296K
  class space    used 3367K, capacity 3667K, committed 3712K, reserved 1048576K
}

Deoptimization events (20 events):
Event: 4,161 Thread 0x00007fdea4854000 DEOPT PACKING pc=0x00007fde8d02853c sp=0x00007fde0ececa00
Event: 4,161 Thread 0x00007fdea4854000 DEOPT UNPACKING pc=0x00007fde8c836bca sp=0x00007fde0ecebee0 mode 1
Event: 4,161 Thread 0x00007fdea4854000 DEOPT PACKING pc=0x00007fde8d1135bc sp=0x00007fde0ecee1d0
Event: 4,161 Thread 0x00007fdea4854000 DEOPT UNPACKING pc=0x00007fde8c836bca sp=0x00007fde0eced770 mode 1
Event: 4,724 Thread 0x00007fdea4854000 DEOPT PACKING pc=0x00007fde8d3d1bac sp=0x00007fde0ecef4e0
Event: 4,724 Thread 0x00007fdea4854000 DEOPT UNPACKING pc=0x00007fde8c836bca sp=0x00007fde0ecee9d8 mode 0
Event: 4,724 Thread 0x00007fdea4854000 DEOPT PACKING pc=0x00007fde8d3d36ff sp=0x00007fde0ecef480
Event: 4,724 Thread 0x00007fdea4854000 DEOPT UNPACKING pc=0x00007fde8c836bca sp=0x00007fde0ecee9c0 mode 0
Event: 6,888 Thread 0x00007fdea4854000 DEOPT PACKING pc=0x00007fde8d358577 sp=0x00007fde0eceee20
Event: 6,888 Thread 0x00007fdea4854000 DEOPT UNPACKING pc=0x00007fde8c836bca sp=0x00007fde0ecee370 mode 0
Event: 6,922 Thread 0x00007fdea4854000 Uncommon trap: trap_request=0xffffffcc fr.pc=0x00007fde944fb8c8 relative=0x0000000000000668
Event: 6,922 Thread 0x00007fdea4854000 Uncommon trap: reason=intrinsic_or_type_checked_inlining action=make_not_entrant pc=0x00007fde944fb8c8 method=java.util.ArrayList.toArray([Ljava/lang/Object;)[Ljava/lang/Object; @ 36 c2
Event: 6,922 Thread 0x00007fdea4854000 DEOPT PACKING pc=0x00007fde944fb8c8 sp=0x00007fde0eceff20
Event: 6,922 Thread 0x00007fdea4854000 DEOPT UNPACKING pc=0x00007fde8c836425 sp=0x00007fde0ecefe88 mode 2
Event: 7,106 Thread 0x00007fdea4854000 DEOPT PACKING pc=0x00007fde8d4a3a37 sp=0x00007fde0ecf00a0
Event: 7,106 Thread 0x00007fdea4854000 DEOPT UNPACKING pc=0x00007fde8c836bca sp=0x00007fde0ecef4f0 mode 0
Event: 7,190 Thread 0x00007fdea4854000 DEOPT PACKING pc=0x00007fde8d40d659 sp=0x00007fde0ecf0080
Event: 7,190 Thread 0x00007fdea4854000 DEOPT UNPACKING pc=0x00007fde8c836bca sp=0x00007fde0ecef528 mode 0
Event: 9,544 Thread 0x00007fdea4854000 DEOPT PACKING pc=0x00007fde8d54d5e5 sp=0x00007fde0ecf0780
Event: 9,544 Thread 0x00007fdea4854000 DEOPT UNPACKING pc=0x00007fde8c836bca sp=0x00007fde0ecefca8 mode 0

Classes redefined (0 events):
No events

Internal exceptions (20 events):
Event: 2,916 Thread 0x00007fdea4854000 Exception <a 'java/security/PrivilegedActionException'{0x0000000708a530e0}> (0x0000000708a530e0) thrown at [./src/hotspot/share/prims/jvm.cpp, line 1307]
Event: 2,916 Thread 0x00007fdea4854000 Exception <a 'java/security/PrivilegedActionException'{0x0000000708a533b0}> (0x0000000708a533b0) thrown at [./src/hotspot/share/prims/jvm.cpp, line 1307]
Event: 2,922 Thread 0x00007fdea4854000 Exception <a 'sun/nio/fs/UnixException'{0x0000000708ac1180}> (0x0000000708ac1180) thrown at [./src/hotspot/share/prims/jni.cpp, line 616]
Event: 2,924 Thread 0x00007fdea4854000 Exception <a 'sun/nio/fs/UnixException'{0x0000000708af0630}> (0x0000000708af0630) thrown at [./src/hotspot/share/prims/jni.cpp, line 616]
Event: 2,925 Thread 0x00007fdea4854000 Exception <a 'java/security/PrivilegedActionException'{0x0000000708af7fd8}> (0x0000000708af7fd8) thrown at [./src/hotspot/share/prims/jvm.cpp, line 1307]
Event: 2,925 Thread 0x00007fdea4854000 Exception <a 'java/security/PrivilegedActionException'{0x0000000708af82a8}> (0x0000000708af82a8) thrown at [./src/hotspot/share/prims/jvm.cpp, line 1307]
Event: 2,927 Thread 0x00007fdea4854000 Exception <a 'java/security/PrivilegedActionException'{0x00000007089036e8}> (0x00000007089036e8) thrown at [./src/hotspot/share/prims/jvm.cpp, line 1307]
Event: 2,927 Thread 0x00007fdea4854000 Exception <a 'java/security/PrivilegedActionException'{0x00000007089039b8}> (0x00000007089039b8) thrown at [./src/hotspot/share/prims/jvm.cpp, line 1307]
Event: 2,928 Thread 0x00007fdea4854000 Exception <a 'java/security/PrivilegedActionException'{0x0000000708918660}> (0x0000000708918660) thrown at [./src/hotspot/share/prims/jvm.cpp, line 1307]
Event: 2,928 Thread 0x00007fdea4854000 Exception <a 'java/security/PrivilegedActionException'{0x0000000708918930}> (0x0000000708918930) thrown at [./src/hotspot/share/prims/jvm.cpp, line 1307]
Event: 2,929 Thread 0x00007fdea4854000 Exception <a 'java/security/PrivilegedActionException'{0x00000007089233b0}> (0x00000007089233b0) thrown at [./src/hotspot/share/prims/jvm.cpp, line 1307]
Event: 2,929 Thread 0x00007fdea4854000 Exception <a 'java/security/PrivilegedActionException'{0x0000000708923680}> (0x0000000708923680) thrown at [./src/hotspot/share/prims/jvm.cpp, line 1307]
Event: 3,071 Thread 0x00007fdea4854000 Exception <a 'java/security/PrivilegedActionException'{0x00000007089b9fc0}> (0x00000007089b9fc0) thrown at [./src/hotspot/share/prims/jvm.cpp, line 1307]
Event: 3,071 Thread 0x00007fdea4854000 Exception <a 'java/security/PrivilegedActionException'{0x00000007089ba290}> (0x00000007089ba290) thrown at [./src/hotspot/share/prims/jvm.cpp, line 1307]
Event: 3,077 Thread 0x00007fdea4854000 Exception <a 'sun/nio/fs/UnixException'{0x00000007089e3c98}> (0x00000007089e3c98) thrown at [./src/hotspot/share/prims/jni.cpp, line 616]
Event: 3,104 Thread 0x00007fdea4854000 Exception <a 'java/lang/NoSuchMethodError'{0x0000000708849fd8}: 'java.lang.Object java.lang.invoke.DirectMethodHandle$Holder.invokeStatic(java.lang.Object, long)'> (0x0000000708849fd8) thrown at [./src/hotspot/share/interpreter/linkResolver.cpp, line 779]
Event: 3,104 Thread 0x00007fdea4854000 Exception <a 'java/security/PrivilegedActionException'{0x0000000708853e58}> (0x0000000708853e58) thrown at [./src/hotspot/share/prims/jvm.cpp, line 1307]
Event: 3,104 Thread 0x00007fdea4854000 Exception <a 'java/security/PrivilegedActionException'{0x0000000708854128}> (0x0000000708854128) thrown at [./src/hotspot/share/prims/jvm.cpp, line 1307]
Event: 4,161 Thread 0x00007fdea4854000 Exception <a 'java/security/PrivilegedActionException'{0x000000070dc0b270}> (0x000000070dc0b270) thrown at [./src/hotspot/share/prims/jvm.cpp, line 1307]
Event: 4,161 Thread 0x00007fdea4854000 Exception <a 'java/security/PrivilegedActionException'{0x000000070dc0b7e8}> (0x000000070dc0b7e8) thrown at [./src/hotspot/share/prims/jvm.cpp, line 1307]

Events (20 events):
Event: 6,889 loading class com/jme3/input/event/KeyInputEvent
Event: 6,889 loading class com/jme3/input/event/KeyInputEvent done
Event: 6,907 Loaded shared library /tmp/lwjgl_riccardo/3.3.2+13/x64/liblwjgl_opengl.so
Event: 6,924 Loaded shared library /tmp/lwjgl_riccardo/3.3.2+13/x64/liblwjgl_opengl.so
Event: 7,058 Loaded shared library /tmp/lwjgl_riccardo/3.3.2+13/x64/liblwjgl_opengl.so
Event: 7,841 Loaded shared library /tmp/lwjgl_riccardo/3.3.2+13/x64/liblwjgl_opengl.so
Event: 7,923 Loaded shared library /tmp/lwjgl_riccardo/3.3.2+13/x64/liblwjgl.so
Event: 7,925 Loaded shared library /tmp/lwjgl_riccardo/3.3.2+13/x64/liblwjgl_opengl.so
Event: 7,958 Loaded shared library /tmp/lwjgl_riccardo/3.3.2+13/x64/liblwjgl_opengl.so
Event: 8,006 Loaded shared library /tmp/lwjgl_riccardo/3.3.2+13/x64/liblwjgl_opengl.so
Event: 8,191 Loaded shared library /tmp/lwjgl_riccardo/3.3.2+13/x64/liblwjgl_opengl.so
Event: 8,241 Loaded shared library /tmp/lwjgl_riccardo/3.3.2+13/x64/liblwjgl_opengl.so
Event: 8,345 loading class com/jme3/system/lwjgl/Sync$1
Event: 8,345 loading class com/jme3/system/lwjgl/Sync$1 done
Event: 8,345 Thread 0x00007fdddd8e2000 Thread added: 0x00007fdddd8e2000
Event: 8,345 Protecting memory [0x00007fde34100000,0x00007fde34104000] with protection modes 0
Event: 8,394 Loaded shared library /opt/java/dcevm11/lib/server/libjvm.so
Event: 10,095 Loaded shared library /tmp/lwjgl_riccardo/3.3.2+13/x64/liblwjgl.so
Event: 10,292 Thread 0x00007fde4c001800 Thread exited: 0x00007fde4c001800
Event: 10,344 Loaded shared library /tmp/lwjgl_riccardo/3.3.2+13/x64/liblwjgl.so


Dynamic libraries:
401f8000-401fa000 r-xs 00000000 00:01 1165200                            /memfd:/.glXXXXXX (deleted)
40c97000-40d46000 rw-p 00000000 00:00 0 
41f8f000-4203e000 rw-p 00000000 00:00 0 
707000000-70fb00000 rw-p 00000000 00:00 0 
70fb00000-800000000 ---p 00000000 00:00 0 
800000000-8003c0000 rw-p 00000000 00:00 0 
8003c0000-840000000 ---p 00000000 00:00 0 
555923c00000-555923c01000 r-xp 00000000 fd:01 17304111                   /opt/java/dcevm11/bin/java
555923e01000-555923e02000 r--p 00001000 fd:01 17304111                   /opt/java/dcevm11/bin/java
555923e02000-555923e03000 rw-p 00002000 fd:01 17304111                   /opt/java/dcevm11/bin/java
555925b52000-555925bda000 rw-p 00000000 00:00 0                          [heap]
7fdda99f3000-7fdda9bf3000 rw-s 00000000 00:05 725                        /dev/nvidiactl
7fdda9bf3000-7fddaa9fe000 rw-p 00000000 00:00 0 
7fddaabfe000-7fddaadfe000 rw-s 00000000 00:05 725                        /dev/nvidiactl
7fddaaffe000-7fddab3fe000 rw-s 00000000 00:05 725                        /dev/nvidiactl
7fddab3fe000-7fddab7fe000 rw-s 00000000 00:05 725                        /dev/nvidiactl
7fddad000000-7fddb4021000 rw-p 00000000 00:00 0 
7fddb4021000-7fddb8000000 ---p 00000000 00:00 0 
7fddb8000000-7fddb8565000 rw-p 00000000 00:00 0 
7fddb8565000-7fddbc000000 ---p 00000000 00:00 0 
7fddbc000000-7fddbc021000 rw-p 00000000 00:00 0 
7fddbc021000-7fddc0000000 ---p 00000000 00:00 0 
7fddc004c000-7fddc044c000 rw-s 00000000 00:05 725                        /dev/nvidiactl
7fddc044c000-7fddc084c000 rw-s 00000000 00:05 725                        /dev/nvidiactl
7fddc084c000-7fddc0a4c000 rw-s 00000000 00:05 725                        /dev/nvidiactl
7fddc0a4c000-7fddc1b8d000 rw-p 00000000 00:00 0 
7fddc1b8d000-7fddc1c4d000 ---p 00000000 00:00 0 
7fddc1c4d000-7fddc2300000 rw-p 00000000 00:00 0 
7fddc2300000-7fddc2b00000 rw-p 00000000 00:00 0 
7fddc2b00000-7fddc2b04000 ---p 00000000 00:00 0 
7fddc2b04000-7fddc2c00000 rw-p 00000000 00:00 0 
7fddc2c00000-7fddc3400000 rw-p 00000000 00:00 0 
7fddc34ff000-7fddc36ff000 rw-p 00000000 00:00 0 
7fddc36ff000-7fddc3703000 ---p 00000000 00:00 0 
7fddc3703000-7fddc37ff000 rw-p 00000000 00:00 0 
7fddc37ff000-7fddc3800000 ---p 00000000 00:00 0 
7fddc3800000-7fddc4000000 rw-p 00000000 00:00 0 
7fddc4000000-7fddc4021000 rw-p 00000000 00:00 0 
7fddc4021000-7fddc8000000 ---p 00000000 00:00 0 
7fddc8000000-7fddc8021000 rw-p 00000000 00:00 0 
7fddc8021000-7fddcc000000 ---p 00000000 00:00 0 
7fddcc000000-7fddd0000000 rw-s 00000000 00:01 1161181                    /memfd:pulseaudio (deleted)
7fddd0000000-7fddd340a000 rw-p 00000000 00:00 0 
7fddd340a000-7fddd4000000 ---p 00000000 00:00 0 
7fddd4000000-7fddd4021000 rw-p 00000000 00:00 0 
7fddd4021000-7fddd8000000 ---p 00000000 00:00 0 
7fddd8052000-7fddd8053000 ---p 00000000 00:00 0 
7fddd8053000-7fddd8853000 rw-p 00000000 00:00 0 
7fddd8853000-7fddd8854000 ---p 00000000 00:00 0 
7fddd8854000-7fddd9054000 rw-p 00000000 00:00 0 
7fddd9054000-7fddd9063000 r--p 00000000 fd:01 25434479                   /usr/lib/x86_64-linux-gnu/libgcrypt.so.20.3.4
7fddd9063000-7fddd9149000 r-xp 0000f000 fd:01 25434479                   /usr/lib/x86_64-linux-gnu/libgcrypt.so.20.3.4
7fddd9149000-7fddd9187000 r--p 000f5000 fd:01 25434479                   /usr/lib/x86_64-linux-gnu/libgcrypt.so.20.3.4
7fddd9187000-7fddd9188000 ---p 00133000 fd:01 25434479                   /usr/lib/x86_64-linux-gnu/libgcrypt.so.20.3.4
7fddd9188000-7fddd918b000 r--p 00133000 fd:01 25434479                   /usr/lib/x86_64-linux-gnu/libgcrypt.so.20.3.4
7fddd918b000-7fddd9191000 rw-p 00136000 fd:01 25434479                   /usr/lib/x86_64-linux-gnu/libgcrypt.so.20.3.4
7fddd9191000-7fddd9192000 rw-p 00000000 00:00 0 
7fddd9192000-7fddd919c000 r--p 00000000 fd:01 25435528                   /usr/lib/x86_64-linux-gnu/libzstd.so.1.4.8
7fddd919c000-7fddd924e000 r-xp 0000a000 fd:01 25435528                   /usr/lib/x86_64-linux-gnu/libzstd.so.1.4.8
7fddd924e000-7fddd925f000 r--p 000bc000 fd:01 25435528                   /usr/lib/x86_64-linux-gnu/libzstd.so.1.4.8
7fddd925f000-7fddd9260000 r--p 000cc000 fd:01 25435528                   /usr/lib/x86_64-linux-gnu/libzstd.so.1.4.8
7fddd9260000-7fddd9261000 rw-p 000cd000 fd:01 25435528                   /usr/lib/x86_64-linux-gnu/libzstd.so.1.4.8
7fddd9261000-7fddd927e000 r--p 00000000 fd:01 28836684                   /tmp/lwjgl_riccardo/3.3.2+13/x64/libopenal.so
7fddd927e000-7fddd931d000 r-xp 0001d000 fd:01 28836684                   /tmp/lwjgl_riccardo/3.3.2+13/x64/libopenal.so
7fddd931d000-7fddd937e000 r--p 000bc000 fd:01 28836684                   /tmp/lwjgl_riccardo/3.3.2+13/x64/libopenal.so
7fddd937e000-7fddd937f000 ---p 0011d000 fd:01 28836684                   /tmp/lwjgl_riccardo/3.3.2+13/x64/libopenal.so
7fddd937f000-7fddd9384000 r--p 0011d000 fd:01 28836684                   /tmp/lwjgl_riccardo/3.3.2+13/x64/libopenal.so
7fddd9384000-7fddd9385000 rw-p 00122000 fd:01 28836684                   /tmp/lwjgl_riccardo/3.3.2+13/x64/libopenal.so
7fddd9385000-7fddd9400000 rw-p 00000000 00:00 0 
7fddd9400000-7fddd96e0000 r-xp 00000000 fd:01 25432244                   /usr/lib/x86_64-linux-gnu/libnvidia-glcore.so.530.30.02
7fddd96e0000-7fddd9701000 rwxp 002e0000 fd:01 25432244                   /usr/lib/x86_64-linux-gnu/libnvidia-glcore.so.530.30.02
7fddd9701000-7fdddbce5000 r-xp 00301000 fd:01 25432244                   /usr/lib/x86_64-linux-gnu/libnvidia-glcore.so.530.30.02
7fdddbce5000-7fdddbce6000 ---p 028e5000 fd:01 25432244                   /usr/lib/x86_64-linux-gnu/libnvidia-glcore.so.530.30.02
7fdddbce6000-7fdddbeb6000 r--p 028e5000 fd:01 25432244                   /usr/lib/x86_64-linux-gnu/libnvidia-glcore.so.530.30.02
7fdddbeb6000-7fdddbf26000 rw-p 02ab5000 fd:01 25432244                   /usr/lib/x86_64-linux-gnu/libnvidia-glcore.so.530.30.02
7fdddbf26000-7fdddbf67000 rw-p 00000000 00:00 0 
7fdddc000000-7fdddd962000 rw-p 00000000 00:00 0 
7fdddd962000-7fdde0000000 ---p 00000000 00:00 0 
7fdde0000000-7fdde0021000 rw-p 00000000 00:00 0 
7fdde0021000-7fdde4000000 ---p 00000000 00:00 0 
7fdde4000000-7fdde4bf9000 rw-p 00000000 00:00 0 
7fdde4bf9000-7fdde8000000 ---p 00000000 00:00 0 
7fdde8000000-7fdde8021000 rw-p 00000000 00:00 0 
7fdde8021000-7fddec000000 ---p 00000000 00:00 0 
7fddec000000-7fddec021000 rw-p 00000000 00:00 0 
7fddec021000-7fddf0000000 ---p 00000000 00:00 0 
7fddf0000000-7fddf0021000 rw-p 00000000 00:00 0 
7fddf0021000-7fddf4000000 ---p 00000000 00:00 0 
7fddf4000000-7fddf4021000 rw-p 00000000 00:00 0 
7fddf4021000-7fddf8000000 ---p 00000000 00:00 0 
7fddf8000000-7fddf8021000 rw-p 00000000 00:00 0 
7fddf8021000-7fddfc000000 ---p 00000000 00:00 0 
7fddfc000000-7fddfc021000 rw-p 00000000 00:00 0 
7fddfc021000-7fde00000000 ---p 00000000 00:00 0 
7fde00000000-7fde00021000 rw-p 00000000 00:00 0 
7fde00021000-7fde04000000 ---p 00000000 00:00 0 
7fde04000000-7fde04021000 rw-p 00000000 00:00 0 
7fde04021000-7fde08000000 ---p 00000000 00:00 0 
7fde08000000-7fde0804b000 rw-p 00000000 00:00 0 
7fde0804b000-7fde0c000000 ---p 00000000 00:00 0 
7fde0c0ce000-7fde0c0e2000 r--p 00000000 fd:01 25435385                   /usr/lib/x86_64-linux-gnu/libvorbisenc.so.2.0.12
7fde0c0e2000-7fde0c0e5000 r-xp 00014000 fd:01 25435385                   /usr/lib/x86_64-linux-gnu/libvorbisenc.so.2.0.12
7fde0c0e5000-7fde0c15c000 r--p 00017000 fd:01 25435385                   /usr/lib/x86_64-linux-gnu/libvorbisenc.so.2.0.12
7fde0c15c000-7fde0c178000 r--p 0008d000 fd:01 25435385                   /usr/lib/x86_64-linux-gnu/libvorbisenc.so.2.0.12
7fde0c178000-7fde0c179000 rw-p 000a9000 fd:01 25435385                   /usr/lib/x86_64-linux-gnu/libvorbisenc.so.2.0.12
7fde0c179000-7fde0c379000 rw-p 00000000 00:00 0 
7fde0c379000-7fde0c579000 rw-s 00000000 00:05 725                        /dev/nvidiactl
7fde0c579000-7fde0c71e000 rw-s 00000000 00:01 6154                       /memfd:/.nvidia_drv.XXXXXX (deleted)
7fde0c71e000-7fde0cfff000 rw-p 00000000 00:00 0 
7fde0cfff000-7fde0d000000 ---p 00000000 00:00 0 
7fde0d000000-7fde0d800000 rw-p 00000000 00:00 0 
7fde0d800000-7fde0d875000 r-xp 00000000 fd:01 25432245                   /usr/lib/x86_64-linux-gnu/libnvidia-glsi.so.530.30.02
7fde0d875000-7fde0da74000 ---p 00075000 fd:01 25432245                   /usr/lib/x86_64-linux-gnu/libnvidia-glsi.so.530.30.02
7fde0da74000-7fde0da9e000 r--p 00074000 fd:01 25432245                   /usr/lib/x86_64-linux-gnu/libnvidia-glsi.so.530.30.02
7fde0da9e000-7fde0da9f000 rw-p 0009e000 fd:01 25432245                   /usr/lib/x86_64-linux-gnu/libnvidia-glsi.so.530.30.02
7fde0da9f000-7fde0daa7000 rw-p 00000000 00:00 0 
7fde0dbd8000-7fde0dc29000 r--p 00000000 fd:01 25432241                   /usr/lib/x86_64-linux-gnu/libGLX_nvidia.so.530.30.02
7fde0dc29000-7fde0dc82000 r-xp 00051000 fd:01 25432241                   /usr/lib/x86_64-linux-gnu/libGLX_nvidia.so.530.30.02
7fde0dc82000-7fde0dcb7000 rwxp 000aa000 fd:01 25432241                   /usr/lib/x86_64-linux-gnu/libGLX_nvidia.so.530.30.02
7fde0dcb7000-7fde0dcb8000 r-xp 000df000 fd:01 25432241                   /usr/lib/x86_64-linux-gnu/libGLX_nvidia.so.530.30.02
7fde0dcb8000-7fde0dcd7000 r--p 000e0000 fd:01 25432241                   /usr/lib/x86_64-linux-gnu/libGLX_nvidia.so.530.30.02
7fde0dcd7000-7fde0dcf7000 r--p 000fe000 fd:01 25432241                   /usr/lib/x86_64-linux-gnu/libGLX_nvidia.so.530.30.02
7fde0dcf7000-7fde0dcfc000 rw-p 0011e000 fd:01 25432241                   /usr/lib/x86_64-linux-gnu/libGLX_nvidia.so.530.30.02
7fde0dcfc000-7fde0defe000 rw-p 00000000 00:00 0 
7fde0defe000-7fde0deff000 ---p 00000000 00:00 0 
7fde0deff000-7fde0e000000 rw-p 00000000 00:00 0 
7fde0e000000-7fde0e800000 rw-p 00000000 00:00 0 
7fde0e800000-7fde0e808000 r--p 00000000 fd:01 28836674                   /tmp/lwjgl_riccardo/3.3.2+13/x64/libjemalloc.so
7fde0e808000-7fde0e85d000 r-xp 00008000 fd:01 28836674                   /tmp/lwjgl_riccardo/3.3.2+13/x64/libjemalloc.so
7fde0e85d000-7fde0e86d000 r--p 0005d000 fd:01 28836674                   /tmp/lwjgl_riccardo/3.3.2+13/x64/libjemalloc.so
7fde0e86d000-7fde0e86e000 ---p 0006d000 fd:01 28836674                   /tmp/lwjgl_riccardo/3.3.2+13/x64/libjemalloc.so
7fde0e86e000-7fde0e874000 r--p 0006d000 fd:01 28836674                   /tmp/lwjgl_riccardo/3.3.2+13/x64/libjemalloc.so
7fde0e874000-7fde0e875000 rw-p 00073000 fd:01 28836674                   /tmp/lwjgl_riccardo/3.3.2+13/x64/libjemalloc.so
7fde0e875000-7fde0ea7f000 rw-p 00000000 00:00 0 
7fde0ea92000-7fde0ea95000 r--p 00000000 fd:01 25434969                   /usr/lib/x86_64-linux-gnu/libopus.so.0.8.0
7fde0ea95000-7fde0eadb000 r-xp 00003000 fd:01 25434969                   /usr/lib/x86_64-linux-gnu/libopus.so.0.8.0
7fde0eadb000-7fde0eaed000 r--p 00049000 fd:01 25434969                   /usr/lib/x86_64-linux-gnu/libopus.so.0.8.0
7fde0eaed000-7fde0eaee000 ---p 0005b000 fd:01 25434969                   /usr/lib/x86_64-linux-gnu/libopus.so.0.8.0
7fde0eaee000-7fde0eaef000 r--p 0005b000 fd:01 25434969                   /usr/lib/x86_64-linux-gnu/libopus.so.0.8.0
7fde0eaef000-7fde0eaf0000 rw-p 0005c000 fd:01 25434969                   /usr/lib/x86_64-linux-gnu/libopus.so.0.8.0
7fde0eaf0000-7fde0eaf1000 ---p 00000000 00:00 0 
7fde0eaf1000-7fde0ebf2000 rw-p 00000000 00:00 0 
7fde0ebf2000-7fde0ebf6000 ---p 00000000 00:00 0 
7fde0ebf6000-7fde0eef2000 rw-p 00000000 00:00 0 
7fde0eef2000-7fde0f0f2000 rw-p 00000000 00:00 0 
7fde0f0f2000-7fde0f0f6000 ---p 00000000 00:00 0 
7fde0f0f6000-7fde0f1f2000 rw-p 00000000 00:00 0 
7fde0f1f2000-7fde0f2f2000 rw-s 00000000 00:01 2687062                    /SYSV00000000 (deleted)
7fde0f2f2000-7fde0f2f3000 ---p 00000000 00:00 0 
7fde0f2f3000-7fde0f3f4000 rw-p 00000000 00:00 0 
7fde0f3f4000-7fde0f3f5000 ---p 00000000 00:00 0 
7fde0f3f5000-7fde0f4f6000 rw-p 00000000 00:00 0 
7fde0f4f6000-7fde0f4f7000 ---p 00000000 00:00 0 
7fde0f4f7000-7fde0f5f8000 rw-p 00000000 00:00 0 
7fde0f5f8000-7fde0f5f9000 ---p 00000000 00:00 0 
7fde0f5f9000-7fde0f6fa000 rw-p 00000000 00:00 0 
7fde0f6fa000-7fde0f6fb000 ---p 00000000 00:00 0 
7fde0f6fb000-7fde0f7fc000 rw-p 00000000 00:00 0 
7fde0f7fc000-7fde0f7fd000 ---p 00000000 00:00 0 
7fde0f7fd000-7fde0f8fe000 rw-p 00000000 00:00 0 
7fde0f8fe000-7fde0f8ff000 ---p 00000000 00:00 0 
7fde0f8ff000-7fde0fbec000 rw-p 00000000 00:00 0 
7fde0fbec000-7fde0fc00000 ---p 00000000 00:00 0 
7fde0fc00000-7fde0fe00000 rw-p 00000000 00:00 0 
7fde0fe00000-7fde10000000 rw-p 00000000 00:00 0 
7fde10000000-7fde103ac000 rw-p 00000000 00:00 0 
7fde103ac000-7fde14000000 ---p 00000000 00:00 0 
7fde14000000-7fde14021000 rw-p 00000000 00:00 0 
7fde14021000-7fde18000000 ---p 00000000 00:00 0 
7fde18000000-7fde18021000 rw-p 00000000 00:00 0 
7fde18021000-7fde1c000000 ---p 00000000 00:00 0 
7fde1c000000-7fde1c021000 rw-p 00000000 00:00 0 
7fde1c021000-7fde20000000 ---p 00000000 00:00 0 
7fde20000000-7fde20021000 rw-p 00000000 00:00 0 
7fde20021000-7fde24000000 ---p 00000000 00:00 0 
7fde24000000-7fde24021000 rw-p 00000000 00:00 0 
7fde24021000-7fde28000000 ---p 00000000 00:00 0 
7fde28000000-7fde28021000 rw-p 00000000 00:00 0 
7fde28021000-7fde2c000000 ---p 00000000 00:00 0 
7fde2c000000-7fde2c021000 rw-p 00000000 00:00 0 
7fde2c021000-7fde30000000 ---p 00000000 00:00 0 
7fde30000000-7fde30ae5000 rw-p 00000000 00:00 0 
7fde30ae5000-7fde34000000 ---p 00000000 00:00 0 
7fde34000000-7fde34004000 ---p 00000000 00:00 0 
7fde34004000-7fde34100000 rw-p 00000000 00:00 0 
7fde34100000-7fde34104000 ---p 00000000 00:00 0 
7fde34104000-7fde34200000 rw-p 00000000 00:00 0 
7fde34200000-7fde34201000 r-xp 00000000 fd:01 17303720                   /opt/java/dcevm11/lib/libprefs.so
7fde34201000-7fde34400000 ---p 00001000 fd:01 17303720                   /opt/java/dcevm11/lib/libprefs.so
7fde34400000-7fde34401000 r--p 00000000 fd:01 17303720                   /opt/java/dcevm11/lib/libprefs.so
7fde34401000-7fde34402000 rw-p 00001000 fd:01 17303720                   /opt/java/dcevm11/lib/libprefs.so
7fde34436000-7fde34449000 r--p 00000000 fd:01 25429308                   /usr/lib/x86_64-linux-gnu/libsystemd.so.0.32.0
7fde34449000-7fde344c8000 r-xp 00013000 fd:01 25429308                   /usr/lib/x86_64-linux-gnu/libsystemd.so.0.32.0
7fde344c8000-7fde344f3000 r--p 00092000 fd:01 25429308                   /usr/lib/x86_64-linux-gnu/libsystemd.so.0.32.0
7fde344f3000-7fde344f4000 ---p 000bd000 fd:01 25429308                   /usr/lib/x86_64-linux-gnu/libsystemd.so.0.32.0
7fde344f4000-7fde344fb000 r--p 000bd000 fd:01 25429308                   /usr/lib/x86_64-linux-gnu/libsystemd.so.0.32.0
7fde344fb000-7fde344fc000 rw-p 000c4000 fd:01 25429308                   /usr/lib/x86_64-linux-gnu/libsystemd.so.0.32.0
7fde344fc000-7fde344fd000 rw-p 00000000 00:00 0 
7fde344fd000-7fde34501000 ---p 00000000 00:00 0 
7fde34501000-7fde347fd000 rw-p 00000000 00:00 0 
7fde347fd000-7fde349fd000 rw-p 00000000 00:00 0 
7fde349fd000-7fde349fe000 ---p 00000000 00:00 0 
7fde349fe000-7fde351fe000 rw-p 00000000 00:00 0 
7fde351fe000-7fde351ff000 ---p 00000000 00:00 0 
7fde351ff000-7fde359ff000 rw-p 00000000 00:00 0 
7fde359ff000-7fde35a00000 ---p 00000000 00:00 0 
7fde35a00000-7fde36200000 rw-p 00000000 00:00 0 
7fde36200000-7fde362ad000 r-xp 00000000 fd:01 17303743                   /opt/java/dcevm11/lib/libfreetype.so
7fde362ad000-7fde364ad000 ---p 000ad000 fd:01 17303743                   /opt/java/dcevm11/lib/libfreetype.so
7fde364ad000-7fde364b3000 r--p 000ad000 fd:01 17303743                   /opt/java/dcevm11/lib/libfreetype.so
7fde364b3000-7fde364b4000 rw-p 000b3000 fd:01 17303743                   /opt/java/dcevm11/lib/libfreetype.so
7fde36500000-7fde36504000 ---p 00000000 00:00 0 
7fde36504000-7fde36600000 rw-p 00000000 00:00 0 
7fde36600000-7fde36745000 r-xp 00000000 fd:01 17303705                   /opt/java/dcevm11/lib/libharfbuzz.so
7fde36745000-7fde36944000 ---p 00145000 fd:01 17303705                   /opt/java/dcevm11/lib/libharfbuzz.so
7fde36944000-7fde36946000 r--p 00144000 fd:01 17303705                   /opt/java/dcevm11/lib/libharfbuzz.so
7fde36946000-7fde36947000 rw-p 00146000 fd:01 17303705                   /opt/java/dcevm11/lib/libharfbuzz.so
7fde36947000-7fde3694a000 rw-p 00000000 00:00 0 
7fde36981000-7fde36988000 r--p 00000000 fd:01 25435213                   /usr/lib/x86_64-linux-gnu/libsndfile.so.1.0.31
7fde36988000-7fde369de000 r-xp 00007000 fd:01 25435213                   /usr/lib/x86_64-linux-gnu/libsndfile.so.1.0.31
7fde369de000-7fde369fa000 r--p 0005d000 fd:01 25435213                   /usr/lib/x86_64-linux-gnu/libsndfile.so.1.0.31
7fde369fa000-7fde369fd000 r--p 00078000 fd:01 25435213                   /usr/lib/x86_64-linux-gnu/libsndfile.so.1.0.31
7fde369fd000-7fde369fe000 rw-p 0007b000 fd:01 25435213                   /usr/lib/x86_64-linux-gnu/libsndfile.so.1.0.31
7fde369fe000-7fde36a00000 rw-p 00000000 00:00 0 
7fde36a00000-7fde36a0d000 r-xp 00000000 fd:01 17303739                   /opt/java/dcevm11/lib/libfontmanager.so
7fde36a0d000-7fde36c0c000 ---p 0000d000 fd:01 17303739                   /opt/java/dcevm11/lib/libfontmanager.so
7fde36c0c000-7fde36c0d000 r--p 0000c000 fd:01 17303739                   /opt/java/dcevm11/lib/libfontmanager.so
7fde36c0d000-7fde36c0e000 rw-p 0000d000 fd:01 17303739                   /opt/java/dcevm11/lib/libfontmanager.so
7fde36c2d000-7fde36c38000 r--p 00000000 fd:01 25430846                   /usr/lib/x86_64-linux-gnu/libdbus-1.so.3.19.13
7fde36c38000-7fde36c66000 r-xp 0000b000 fd:01 25430846                   /usr/lib/x86_64-linux-gnu/libdbus-1.so.3.19.13
7fde36c66000-7fde36c78000 r--p 00039000 fd:01 25430846                   /usr/lib/x86_64-linux-gnu/libdbus-1.so.3.19.13
7fde36c78000-7fde36c79000 ---p 0004b000 fd:01 25430846                   /usr/lib/x86_64-linux-gnu/libdbus-1.so.3.19.13
7fde36c79000-7fde36c7a000 r--p 0004b000 fd:01 25430846                   /usr/lib/x86_64-linux-gnu/libdbus-1.so.3.19.13
7fde36c7a000-7fde36c7b000 rw-p 0004c000 fd:01 25430846                   /usr/lib/x86_64-linux-gnu/libdbus-1.so.3.19.13
7fde36c7b000-7fde36c8d000 r--p 00000000 fd:01 26084862                   /usr/lib/x86_64-linux-gnu/pulseaudio/libpulsecommon-15.99.so
7fde36c8d000-7fde36cd6000 r-xp 00012000 fd:01 26084862                   /usr/lib/x86_64-linux-gnu/pulseaudio/libpulsecommon-15.99.so
7fde36cd6000-7fde36cfd000 r--p 0005b000 fd:01 26084862                   /usr/lib/x86_64-linux-gnu/pulseaudio/libpulsecommon-15.99.so
7fde36cfd000-7fde36cff000 r--p 00081000 fd:01 26084862                   /usr/lib/x86_64-linux-gnu/pulseaudio/libpulsecommon-15.99.so
7fde36cff000-7fde36d00000 rw-p 00083000 fd:01 26084862                   /usr/lib/x86_64-linux-gnu/pulseaudio/libpulsecommon-15.99.so
7fde36d00000-7fde36d04000 ---p 00000000 00:00 0 
7fde36d04000-7fde36e00000 rw-p 00000000 00:00 0 
7fde36e00000-7fde36e5d000 r-xp 00000000 fd:01 17303754                   /opt/java/dcevm11/lib/libawt_xawt.so
7fde36e5d000-7fde3705d000 ---p 0005d000 fd:01 17303754                   /opt/java/dcevm11/lib/libawt_xawt.so
7fde3705d000-7fde3705e000 r--p 0005d000 fd:01 17303754                   /opt/java/dcevm11/lib/libawt_xawt.so
7fde3705e000-7fde37060000 rw-p 0005e000 fd:01 17303754                   /opt/java/dcevm11/lib/libawt_xawt.so
7fde37060000-7fde37062000 rw-p 00000000 00:00 0 
7fde37079000-7fde370bc000 r--p 00000000 fd:01 25433839                   /usr/lib/x86_64-linux-gnu/libGL.so.1.7.0
7fde370bc000-7fde370db000 r-xp 00043000 fd:01 25433839                   /usr/lib/x86_64-linux-gnu/libGL.so.1.7.0
7fde370db000-7fde370f0000 r--p 00062000 fd:01 25433839                   /usr/lib/x86_64-linux-gnu/libGL.so.1.7.0
7fde370f0000-7fde370fe000 r--p 00076000 fd:01 25433839                   /usr/lib/x86_64-linux-gnu/libGL.so.1.7.0
7fde370fe000-7fde370ff000 rw-p 00084000 fd:01 25433839                   /usr/lib/x86_64-linux-gnu/libGL.so.1.7.0
7fde370ff000-7fde37100000 rw-p 00000000 00:00 0 
7fde37100000-7fde37104000 ---p 00000000 00:00 0 
7fde37104000-7fde37200000 rw-p 00000000 00:00 0 
7fde37200000-7fde3729f000 r-xp 00000000 fd:01 17303708                   /opt/java/dcevm11/lib/libawt.so
7fde3729f000-7fde3749e000 ---p 0009f000 fd:01 17303708                   /opt/java/dcevm11/lib/libawt.so
7fde3749e000-7fde3749f000 r--p 0009e000 fd:01 17303708                   /opt/java/dcevm11/lib/libawt.so
7fde3749f000-7fde374aa000 rw-p 0009f000 fd:01 17303708                   /opt/java/dcevm11/lib/libawt.so
7fde374aa000-7fde374cf000 rw-p 00000000 00:00 0 
7fde37500000-7fde37504000 ---p 00000000 00:00 0 
7fde37504000-7fde37800000 rw-p 00000000 00:00 0 
7fde37800000-7fde37816000 r-xp 00000000 fd:01 17303740                   /opt/java/dcevm11/lib/libnet.so
7fde37816000-7fde37a15000 ---p 00016000 fd:01 17303740                   /opt/java/dcevm11/lib/libnet.so
7fde37a15000-7fde37a16000 r--p 00015000 fd:01 17303740                   /opt/java/dcevm11/lib/libnet.so
7fde37a16000-7fde37a17000 rw-p 00016000 fd:01 17303740                   /opt/java/dcevm11/lib/libnet.so
7fde37a1b000-7fde37a1e000 r--p 00000000 fd:01 25434815                   /usr/lib/x86_64-linux-gnu/liblzma.so.5.2.5
7fde37a1e000-7fde37a39000 r-xp 00003000 fd:01 25434815                   /usr/lib/x86_64-linux-gnu/liblzma.so.5.2.5
7fde37a39000-7fde37a44000 r--p 0001e000 fd:01 25434815                   /usr/lib/x86_64-linux-gnu/liblzma.so.5.2.5
7fde37a44000-7fde37a45000 r--p 00028000 fd:01 25434815                   /usr/lib/x86_64-linux-gnu/liblzma.so.5.2.5
7fde37a45000-7fde37a46000 rw-p 00029000 fd:01 25434815                   /usr/lib/x86_64-linux-gnu/liblzma.so.5.2.5
7fde37a46000-7fde37ac6000 rw-s 00000000 00:05 725                        /dev/nvidiactl
7fde37ac6000-7fde37ae3000 r--p 00000000 fd:01 25433460                   /usr/lib/x86_64-linux-gnu/libglib-2.0.so.0.7200.4
7fde37ae3000-7fde37b72000 r-xp 0001d000 fd:01 25433460                   /usr/lib/x86_64-linux-gnu/libglib-2.0.so.0.7200.4
7fde37b72000-7fde37bfc000 r--p 000ac000 fd:01 25433460                   /usr/lib/x86_64-linux-gnu/libglib-2.0.so.0.7200.4
7fde37bfc000-7fde37bfd000 ---p 00136000 fd:01 25433460                   /usr/lib/x86_64-linux-gnu/libglib-2.0.so.0.7200.4
7fde37bfd000-7fde37bfe000 r--p 00136000 fd:01 25433460                   /usr/lib/x86_64-linux-gnu/libglib-2.0.so.0.7200.4
7fde37bfe000-7fde37bff000 rw-p 00137000 fd:01 25433460                   /usr/lib/x86_64-linux-gnu/libglib-2.0.so.0.7200.4
7fde37bff000-7fde37c00000 rw-p 00000000 00:00 0 
7fde37c00000-7fde37c0f000 r-xp 00000000 fd:01 17303709                   /opt/java/dcevm11/lib/libnio.so
7fde37c0f000-7fde37e0f000 ---p 0000f000 fd:01 17303709                   /opt/java/dcevm11/lib/libnio.so
7fde37e0f000-7fde37e10000 r--p 0000f000 fd:01 17303709                   /opt/java/dcevm11/lib/libnio.so
7fde37e10000-7fde37e11000 rw-p 00010000 fd:01 17303709                   /opt/java/dcevm11/lib/libnio.so
7fde37e27000-7fde37e5f000 r--p 00000000 fd:01 25433453                   /usr/lib/x86_64-linux-gnu/libgio-2.0.so.0.7200.4
7fde37e5f000-7fde37f70000 r-xp 00038000 fd:01 25433453                   /usr/lib/x86_64-linux-gnu/libgio-2.0.so.0.7200.4
7fde37f70000-7fde37ff5000 r--p 00149000 fd:01 25433453                   /usr/lib/x86_64-linux-gnu/libgio-2.0.so.0.7200.4
7fde37ff5000-7fde37ffd000 r--p 001cd000 fd:01 25433453                   /usr/lib/x86_64-linux-gnu/libgio-2.0.so.0.7200.4
7fde37ffd000-7fde37ffe000 rw-p 001d5000 fd:01 25433453                   /usr/lib/x86_64-linux-gnu/libgio-2.0.so.0.7200.4
7fde37ffe000-7fde38000000 rw-p 00000000 00:00 0 
7fde38000000-7fde38021000 rw-p 00000000 00:00 0 
7fde38021000-7fde3c000000 ---p 00000000 00:00 0 
7fde3c000000-7fde3c021000 rw-p 00000000 00:00 0 
7fde3c021000-7fde40000000 ---p 00000000 00:00 0 
7fde40000000-7fde40021000 rw-p 00000000 00:00 0 
7fde40021000-7fde44000000 ---p 00000000 00:00 0 
7fde44000000-7fde44021000 rw-p 00000000 00:00 0 
7fde44021000-7fde48000000 ---p 00000000 00:00 0 
7fde48000000-7fde48021000 rw-p 00000000 00:00 0 
7fde48021000-7fde4c000000 ---p 00000000 00:00 0 
7fde4c000000-7fde4c8ee000 rw-p 00000000 00:00 0 
7fde4c8ee000-7fde50000000 ---p 00000000 00:00 0 
7fde50000000-7fde527e6000 rw-p 00000000 00:00 0 
7fde527e6000-7fde54000000 ---p 00000000 00:00 0 
7fde54000000-7fde54673000 rw-p 00000000 00:00 0 
7fde54673000-7fde58000000 ---p 00000000 00:00 0 
7fde58000000-7fde58021000 rw-p 00000000 00:00 0 
7fde58021000-7fde5c000000 ---p 00000000 00:00 0 
7fde5c000000-7fde5c021000 rw-p 00000000 00:00 0 
7fde5c021000-7fde60000000 ---p 00000000 00:00 0 
7fde60000000-7fde60021000 rw-p 00000000 00:00 0 
7fde60021000-7fde64000000 ---p 00000000 00:00 0 
7fde64000000-7fde64021000 rw-p 00000000 00:00 0 
7fde64021000-7fde68000000 ---p 00000000 00:00 0 
7fde68000000-7fde68021000 rw-p 00000000 00:00 0 
7fde68021000-7fde6c000000 ---p 00000000 00:00 0 
7fde6c000000-7fde6ca3a000 rw-p 00000000 00:00 0 
7fde6ca3a000-7fde70000000 ---p 00000000 00:00 0 
7fde70000000-7fde70021000 rw-p 00000000 00:00 0 
7fde70021000-7fde74000000 ---p 00000000 00:00 0 
7fde74000000-7fde74021000 rw-p 00000000 00:00 0 
7fde74021000-7fde78000000 ---p 00000000 00:00 0 
7fde78003000-7fde78007000 r--p 00000000 fd:01 25434561                   /usr/lib/x86_64-linux-gnu/libgpg-error.so.0.32.1
7fde78007000-7fde7801d000 r-xp 00004000 fd:01 25434561                   /usr/lib/x86_64-linux-gnu/libgpg-error.so.0.32.1
7fde7801d000-7fde78027000 r--p 0001a000 fd:01 25434561                   /usr/lib/x86_64-linux-gnu/libgpg-error.so.0.32.1
7fde78027000-7fde78028000 r--p 00023000 fd:01 25434561                   /usr/lib/x86_64-linux-gnu/libgpg-error.so.0.32.1
7fde78028000-7fde78029000 rw-p 00024000 fd:01 25434561                   /usr/lib/x86_64-linux-gnu/libgpg-error.so.0.32.1
7fde78029000-7fde78035000 r--p 00000000 fd:01 25428792                   /usr/lib/x86_64-linux-gnu/libpulse.so.0.24.1
7fde78035000-7fde78065000 r-xp 0000c000 fd:01 25428792                   /usr/lib/x86_64-linux-gnu/libpulse.so.0.24.1
7fde78065000-7fde7807b000 r--p 0003c000 fd:01 25428792                   /usr/lib/x86_64-linux-gnu/libpulse.so.0.24.1
7fde7807b000-7fde7807d000 r--p 00051000 fd:01 25428792                   /usr/lib/x86_64-linux-gnu/libpulse.so.0.24.1
7fde7807d000-7fde7807e000 rw-p 00053000 fd:01 25428792                   /usr/lib/x86_64-linux-gnu/libpulse.so.0.24.1
7fde7807e000-7fde780fe000 rw-s 00000000 00:05 726                        /dev/nvidia0
7fde780fe000-7fde78102000 ---p 00000000 00:00 0 
7fde78102000-7fde781fe000 rw-p 00000000 00:00 0 
7fde781fe000-7fde78202000 ---p 00000000 00:00 0 
7fde78202000-7fde782fe000 rw-p 00000000 00:00 0 
7fde782fe000-7fde782ff000 ---p 00000000 00:00 0 
7fde782ff000-7fde78400000 rw-p 00000000 00:00 0 
7fde78400000-7fde78404000 ---p 00000000 00:00 0 
7fde78404000-7fde78500000 rw-p 00000000 00:00 0 
7fde78500000-7fde78504000 ---p 00000000 00:00 0 
7fde78504000-7fde78600000 rw-p 00000000 00:00 0 
7fde78600000-7fde78604000 r-xp 00000000 fd:01 17303747                   /opt/java/dcevm11/lib/libdt_socket.so
7fde78604000-7fde78804000 ---p 00004000 fd:01 17303747                   /opt/java/dcevm11/lib/libdt_socket.so
7fde78804000-7fde78805000 r--p 00004000 fd:01 17303747                   /opt/java/dcevm11/lib/libdt_socket.so
7fde78805000-7fde78806000 rw-p 00005000 fd:01 17303747                   /opt/java/dcevm11/lib/libdt_socket.so
7fde78807000-7fde78809000 r--p 00000000 fd:01 25434813                   /usr/lib/x86_64-linux-gnu/liblz4.so.1.9.3
7fde78809000-7fde78822000 r-xp 00002000 fd:01 25434813                   /usr/lib/x86_64-linux-gnu/liblz4.so.1.9.3
7fde78822000-7fde78824000 r--p 0001b000 fd:01 25434813                   /usr/lib/x86_64-linux-gnu/liblz4.so.1.9.3
7fde78824000-7fde78825000 ---p 0001d000 fd:01 25434813                   /usr/lib/x86_64-linux-gnu/liblz4.so.1.9.3
7fde78825000-7fde78826000 r--p 0001d000 fd:01 25434813                   /usr/lib/x86_64-linux-gnu/liblz4.so.1.9.3
7fde78826000-7fde78827000 rw-p 0001e000 fd:01 25434813                   /usr/lib/x86_64-linux-gnu/liblz4.so.1.9.3
7fde78827000-7fde7885a000 r--p 00000000 fd:01 28836677                   /tmp/lwjgl_riccardo/3.3.2+13/x64/liblwjgl_opengl.so
7fde7885a000-7fde7886e000 r-xp 00033000 fd:01 28836677                   /tmp/lwjgl_riccardo/3.3.2+13/x64/liblwjgl_opengl.so
7fde7886e000-7fde7887e000 r--p 00047000 fd:01 28836677                   /tmp/lwjgl_riccardo/3.3.2+13/x64/liblwjgl_opengl.so
7fde7887e000-7fde7887f000 r--p 00056000 fd:01 28836677                   /tmp/lwjgl_riccardo/3.3.2+13/x64/liblwjgl_opengl.so
7fde7887f000-7fde78880000 rw-p 00057000 fd:01 28836677                   /tmp/lwjgl_riccardo/3.3.2+13/x64/liblwjgl_opengl.so
7fde78880000-7fde78884000 ---p 00000000 00:00 0 
7fde78884000-7fde78980000 rw-p 00000000 00:00 0 
7fde78980000-7fde78984000 ---p 00000000 00:00 0 
7fde78984000-7fde78a80000 rw-p 00000000 00:00 0 
7fde78a80000-7fde78a84000 ---p 00000000 00:00 0 
7fde78a84000-7fde78b80000 rw-p 00000000 00:00 0 
7fde78b80000-7fde78b84000 ---p 00000000 00:00 0 
7fde78b84000-7fde78c80000 rw-p 00000000 00:00 0 
7fde78c80000-7fde78c84000 ---p 00000000 00:00 0 
7fde78c84000-7fde78d80000 rw-p 00000000 00:00 0 
7fde78d80000-7fde78d84000 ---p 00000000 00:00 0 
7fde78d84000-7fde78e80000 rw-p 00000000 00:00 0 
7fde78e80000-7fde790f8000 r--p 00000000 07:09 186                        /snap/code/137/usr/lib/locale/aa_DJ.utf8/LC_COLLATE
7fde790f8000-7fde790fc000 ---p 00000000 00:00 0 
7fde790fc000-7fde791f8000 rw-p 00000000 00:00 0 
7fde791f8000-7fde791fc000 ---p 00000000 00:00 0 
7fde791fc000-7fde792f8000 rw-p 00000000 00:00 0 
7fde792f8000-7fde792f9000 ---p 00000000 00:00 0 
7fde792f9000-7fde79bfa000 rw-p 00000000 00:00 0 
7fde79bfa000-7fde79bfb000 ---p 00000000 00:00 0 
7fde79bfb000-7fde79cfc000 rw-p 00000000 00:00 0 
7fde79cfc000-7fde79cfd000 ---p 00000000 00:00 0 
7fde79cfd000-7fde7c000000 rw-p 00000000 00:00 0 
7fde7c000000-7fde7c021000 rw-p 00000000 00:00 0 
7fde7c021000-7fde80000000 ---p 00000000 00:00 0 
7fde80010000-7fde80013000 r--p 00000000 fd:01 25435383                   /usr/lib/x86_64-linux-gnu/libvorbis.so.0.4.9
7fde80013000-7fde8002a000 r-xp 00003000 fd:01 25435383                   /usr/lib/x86_64-linux-gnu/libvorbis.so.0.4.9
7fde8002a000-7fde8003b000 r--p 0001a000 fd:01 25435383                   /usr/lib/x86_64-linux-gnu/libvorbis.so.0.4.9
7fde8003b000-7fde8003c000 r--p 0002a000 fd:01 25435383                   /usr/lib/x86_64-linux-gnu/libvorbis.so.0.4.9
7fde8003c000-7fde8003d000 rw-p 0002b000 fd:01 25435383                   /usr/lib/x86_64-linux-gnu/libvorbis.so.0.4.9
7fde8003d000-7fde8007d000 rw-s 00000000 00:05 725                        /dev/nvidiactl
7fde8007d000-7fde805ac000 rw-p 00000000 00:00 0 
7fde805ac000-7fde841c0000 ---p 00000000 00:00 0 
7fde841c0000-7fde843ec000 rw-p 00000000 00:00 0 
7fde843ec000-7fde88000000 ---p 00000000 00:00 0 
7fde88000000-7fde88021000 rw-p 00000000 00:00 0 
7fde88021000-7fde8c000000 ---p 00000000 00:00 0 
7fde8c003000-7fde8c00b000 r--p 00000000 fd:01 25433279                   /usr/lib/x86_64-linux-gnu/libFLAC.so.8.3.0
7fde8c00b000-7fde8c034000 r-xp 00008000 fd:01 25433279                   /usr/lib/x86_64-linux-gnu/libFLAC.so.8.3.0
7fde8c034000-7fde8c03d000 r--p 00031000 fd:01 25433279                   /usr/lib/x86_64-linux-gnu/libFLAC.so.8.3.0
7fde8c03d000-7fde8c03e000 r--p 00039000 fd:01 25433279                   /usr/lib/x86_64-linux-gnu/libFLAC.so.8.3.0
7fde8c03e000-7fde8c03f000 rw-p 0003a000 fd:01 25433279                   /usr/lib/x86_64-linux-gnu/libFLAC.so.8.3.0
7fde8c03f000-7fde8c07f000 r--p 00000000 fd:01 25433850                   /usr/lib/x86_64-linux-gnu/libGLdispatch.so.0.0.0
7fde8c07f000-7fde8c082000 r-xp 00040000 fd:01 25433850                   /usr/lib/x86_64-linux-gnu/libGLdispatch.so.0.0.0
7fde8c082000-7fde8c0bd000 r-xp 00043000 fd:01 25433850                   /usr/lib/x86_64-linux-gnu/libGLdispatch.so.0.0.0
7fde8c0bd000-7fde8c0be000 r-xp 0007e000 fd:01 25433850                   /usr/lib/x86_64-linux-gnu/libGLdispatch.so.0.0.0
7fde8c0be000-7fde8c0d1000 r--p 0007f000 fd:01 25433850                   /usr/lib/x86_64-linux-gnu/libGLdispatch.so.0.0.0
7fde8c0d1000-7fde8c0d2000 ---p 00092000 fd:01 25433850                   /usr/lib/x86_64-linux-gnu/libGLdispatch.so.0.0.0
7fde8c0d2000-7fde8c0ee000 r--p 00092000 fd:01 25433850                   /usr/lib/x86_64-linux-gnu/libGLdispatch.so.0.0.0
7fde8c0ee000-7fde8c0ef000 rw-p 000ae000 fd:01 25433850                   /usr/lib/x86_64-linux-gnu/libGLdispatch.so.0.0.0
7fde8c0ef000-7fde8c5fc000 rw-p 00000000 00:00 0 
7fde8c5fc000-7fde8c5fd000 ---p 00000000 00:00 0 
7fde8c5fd000-7fde8c6fe000 rw-p 00000000 00:00 0 
7fde8c6fe000-7fde8c6ff000 ---p 00000000 00:00 0 
7fde8c6ff000-7fde8c800000 rw-p 00000000 00:00 0 
7fde8c800000-7fde8ca70000 rwxp 00000000 00:00 0 
7fde8ca70000-7fde8cd91000 ---p 00000000 00:00 0 
7fde8cd91000-7fde8d561000 rwxp 00000000 00:00 0 
7fde8d561000-7fde942c8000 ---p 00000000 00:00 0 
7fde942c8000-7fde94588000 rwxp 00000000 00:00 0 
7fde94588000-7fde9b800000 ---p 00000000 00:00 0 
7fdea3f92000-7fdea3f95000 r--p 00000000 fd:01 25429927                   /usr/lib/x86_64-linux-gnu/libcap.so.2.44
7fdea3f95000-7fdea3f99000 r-xp 00003000 fd:01 25429927                   /usr/lib/x86_64-linux-gnu/libcap.so.2.44
7fdea3f99000-7fdea3f9b000 r--p 00007000 fd:01 25429927                   /usr/lib/x86_64-linux-gnu/libcap.so.2.44
7fdea3f9b000-7fdea3f9c000 r--p 00008000 fd:01 25429927                   /usr/lib/x86_64-linux-gnu/libcap.so.2.44
7fdea3f9c000-7fdea3f9d000 rw-p 00009000 fd:01 25429927                   /usr/lib/x86_64-linux-gnu/libcap.so.2.44
7fdea3fc0000-7fdea4000000 rw-s 00000000 00:05 725                        /dev/nvidiactl
7fdea4000000-7fdea4858000 rw-p 00000000 00:00 0 
7fdea4858000-7fdea8000000 ---p 00000000 00:00 0 
7fdea8005000-7fdea8025000 rw-s 00000000 00:05 725                        /dev/nvidiactl
7fdea8025000-7fdea8045000 rw-s 00000000 00:05 725                        /dev/nvidiactl
7fdea8045000-7fdea8085000 rw-s 00000000 00:05 725                        /dev/nvidiactl
7fdea8085000-7fdea8090000 r--p 00000000 fd:01 25435452                   /usr/lib/x86_64-linux-gnu/libxcb-glx.so.0.0.0
7fdea8090000-7fdea8099000 r-xp 0000b000 fd:01 25435452                   /usr/lib/x86_64-linux-gnu/libxcb-glx.so.0.0.0
7fdea8099000-7fdea809e000 r--p 00014000 fd:01 25435452                   /usr/lib/x86_64-linux-gnu/libxcb-glx.so.0.0.0
7fdea809e000-7fdea809f000 ---p 00019000 fd:01 25435452                   /usr/lib/x86_64-linux-gnu/libxcb-glx.so.0.0.0
7fdea809f000-7fdea80a1000 r--p 00019000 fd:01 25435452                   /usr/lib/x86_64-linux-gnu/libxcb-glx.so.0.0.0
7fdea80a1000-7fdea80a2000 rw-p 0001b000 fd:01 25435452                   /usr/lib/x86_64-linux-gnu/libxcb-glx.so.0.0.0
7fdea80a2000-7fdea81e9000 rw-p 00000000 00:00 0 
7fdea81e9000-7fdea896b000 ---p 00000000 00:00 0 
7fdea896b000-7fdea89b1000 rw-p 00000000 00:00 0 
7fdea89b1000-7fdea9133000 ---p 00000000 00:00 0 
7fdea9133000-7fdea9179000 rw-p 00000000 00:00 0 
7fdea9179000-7fdea98fb000 ---p 00000000 00:00 0 
7fdea98fb000-7fdea9e00000 rw-p 00000000 00:00 0 
7fdea9e00000-7fdea9e07000 r-xp 00000000 fd:01 17303753                   /opt/java/dcevm11/lib/libzip.so
7fdea9e07000-7fdeaa006000 ---p 00007000 fd:01 17303753                   /opt/java/dcevm11/lib/libzip.so
7fdeaa006000-7fdeaa007000 r--p 00006000 fd:01 17303753                   /opt/java/dcevm11/lib/libzip.so
7fdeaa007000-7fdeaa008000 rw-p 00007000 fd:01 17303753                   /opt/java/dcevm11/lib/libzip.so
7fdeaa010000-7fdeaa012000 r--p 00000000 fd:01 25434963                   /usr/lib/x86_64-linux-gnu/libogg.so.0.8.5
7fdeaa012000-7fdeaa015000 r-xp 00002000 fd:01 25434963                   /usr/lib/x86_64-linux-gnu/libogg.so.0.8.5
7fdeaa015000-7fdeaa018000 r--p 00005000 fd:01 25434963                   /usr/lib/x86_64-linux-gnu/libogg.so.0.8.5
7fdeaa018000-7fdeaa019000 ---p 00008000 fd:01 25434963                   /usr/lib/x86_64-linux-gnu/libogg.so.0.8.5
7fdeaa019000-7fdeaa01a000 r--p 00008000 fd:01 25434963                   /usr/lib/x86_64-linux-gnu/libogg.so.0.8.5
7fdeaa01a000-7fdeaa01b000 rw-p 00009000 fd:01 25434963                   /usr/lib/x86_64-linux-gnu/libogg.so.0.8.5
7fdeaa01f000-7fdeaa022000 r--p 00000000 fd:01 25433845                   /usr/lib/x86_64-linux-gnu/libGLX.so.0.0.0
7fdeaa022000-7fdeaa03d000 r-xp 00003000 fd:01 25433845                   /usr/lib/x86_64-linux-gnu/libGLX.so.0.0.0
7fdeaa03d000-7fdeaa040000 r--p 0001e000 fd:01 25433845                   /usr/lib/x86_64-linux-gnu/libGLX.so.0.0.0
7fdeaa040000-7fdeaa041000 ---p 00021000 fd:01 25433845                   /usr/lib/x86_64-linux-gnu/libGLX.so.0.0.0
7fdeaa041000-7fdeaa042000 r--p 00021000 fd:01 25433845                   /usr/lib/x86_64-linux-gnu/libGLX.so.0.0.0
7fdeaa042000-7fdeaa043000 rw-p 00022000 fd:01 25433845                   /usr/lib/x86_64-linux-gnu/libGLX.so.0.0.0
7fdeaa043000-7fdeaa053000 rw-p 00000000 00:00 0 
7fdeaa053000-7fdeaa056000 rw-s 00000000 00:05 725                        /dev/nvidiactl
7fdeaa059000-7fdeaa05c000 r--p 00000000 fd:01 25428625                   /usr/lib/x86_64-linux-gnu/libapparmor.so.1.8.2
7fdeaa05c000-7fdeaa065000 r-xp 00003000 fd:01 25428625                   /usr/lib/x86_64-linux-gnu/libapparmor.so.1.8.2
7fdeaa065000-7fdeaa06c000 r--p 0000c000 fd:01 25428625                   /usr/lib/x86_64-linux-gnu/libapparmor.so.1.8.2
7fdeaa06c000-7fdeaa06d000 r--p 00012000 fd:01 25428625                   /usr/lib/x86_64-linux-gnu/libapparmor.so.1.8.2
7fdeaa06d000-7fdeaa06e000 rw-p 00013000 fd:01 25428625                   /usr/lib/x86_64-linux-gnu/libapparmor.so.1.8.2
7fdeaa06e000-7fdeaa070000 r--p 00000000 fd:01 25434075                   /usr/lib/x86_64-linux-gnu/libasyncns.so.0.3.1
7fdeaa070000-7fdeaa073000 r-xp 00002000 fd:01 25434075                   /usr/lib/x86_64-linux-gnu/libasyncns.so.0.3.1
7fdeaa073000-7fdeaa074000 r--p 00005000 fd:01 25434075                   /usr/lib/x86_64-linux-gnu/libasyncns.so.0.3.1
7fdeaa074000-7fdeaa075000 r--p 00005000 fd:01 25434075                   /usr/lib/x86_64-linux-gnu/libasyncns.so.0.3.1
7fdeaa075000-7fdeaa076000 rw-p 00006000 fd:01 25434075                   /usr/lib/x86_64-linux-gn